\BOOKMARK [0][-]{chapter.1}{Introduction}{}% 1
\BOOKMARK [1][-]{section.1.1}{Abstract}{chapter.1}% 2
\BOOKMARK [1][-]{section.1.2}{Project\040Requirements}{chapter.1}% 3
\BOOKMARK [2][-]{subsection.1.2.1}{The\040University\040of\040Melbourne,\040School\040of\040Engineering\040Requirements}{section.1.2}% 4
\BOOKMARK [2][-]{subsection.1.2.2}{NHP\040Electrical\040Engineering\040Products\040Pty\040Ltd\040Requirements}{section.1.2}% 5
\BOOKMARK [1][-]{section.1.3}{Project\040Scope}{chapter.1}% 6
\BOOKMARK [1][-]{section.1.4}{Performance\040Indicators}{chapter.1}% 7
\BOOKMARK [0][-]{chapter.2}{System\040Design}{}% 8
\BOOKMARK [1][-]{section.2.1}{Overview}{chapter.2}% 9
\BOOKMARK [1][-]{section.2.2}{Uniform\040Rational\040Basis\040Splines}{chapter.2}% 10
\BOOKMARK [2][-]{subsection.2.2.1}{Introduction\040to\040URBS}{section.2.2}% 11
\BOOKMARK [2][-]{subsection.2.2.2}{Design\040Rationale}{section.2.2}% 12
\BOOKMARK [2][-]{subsection.2.2.3}{URBS\040Analysis}{section.2.2}% 13
\BOOKMARK [1][-]{section.2.3}{Control\040System}{chapter.2}% 14
\BOOKMARK [2][-]{subsection.2.3.1}{Open\040Loop\040Control}{section.2.3}% 15
\BOOKMARK [2][-]{subsection.2.3.2}{Optimisation}{section.2.3}% 16
\BOOKMARK [1][-]{section.2.4}{Image\040Interpolation}{chapter.2}% 17
\BOOKMARK [0][-]{chapter.3}{Implementation}{}% 18
\BOOKMARK [1][-]{section.3.1}{CNC\040Machine}{chapter.3}% 19
\BOOKMARK [1][-]{section.3.2}{Mechanical}{chapter.3}% 20
\BOOKMARK [2][-]{subsection.3.2.1}{Frame}{section.3.2}% 21
\BOOKMARK [2][-]{subsection.3.2.2}{Drawing\040Head\040-\040Z-axis}{section.3.2}% 22
\BOOKMARK [1][-]{section.3.3}{Electrical\040and\040Wiring}{chapter.3}% 23
\BOOKMARK [2][-]{subsection.3.3.1}{Connectors\040and\040Loom}{section.3.3}% 24
\BOOKMARK [2][-]{subsection.3.3.2}{Voltage\040Dividers}{section.3.3}% 25
\BOOKMARK [2][-]{subsection.3.3.3}{Solenoid\040Driver}{section.3.3}% 26
\BOOKMARK [2][-]{subsection.3.3.4}{Kill\040Switch}{section.3.3}% 27
\BOOKMARK [1][-]{section.3.4}{PLC\040Control\040Software}{chapter.3}% 28
\BOOKMARK [2][-]{subsection.3.4.1}{Introduction\040to\040Programmable\040Logic\040Controllers}{section.3.4}% 29
\BOOKMARK [2][-]{subsection.3.4.2}{PLC\040Architecture}{section.3.4}% 30
\BOOKMARK [2][-]{subsection.3.4.3}{Governor}{section.3.4}% 31
\BOOKMARK [2][-]{subsection.3.4.4}{Communications}{section.3.4}% 32
\BOOKMARK [2][-]{subsection.3.4.5}{motorControl}{section.3.4}% 33
\BOOKMARK [2][-]{subsection.3.4.6}{checkLimitSwitch}{section.3.4}% 34
\BOOKMARK [1][-]{section.3.5}{User\040Interface}{chapter.3}% 35
\BOOKMARK [1][-]{section.3.6}{Java\040Program}{chapter.3}% 36
\BOOKMARK [1][-]{section.3.7}{MATLAB® Image Processing}{chapter.3}% 37
\BOOKMARK [0][-]{chapter.4}{Performance\040and\040Testing}{}% 38
\BOOKMARK [0][-]{section*.14}{Appendices}{}% 39
\BOOKMARK [0][-]{Appendix.1.A}{URBS\040Weight\040Derivation}{}% 40
\BOOKMARK [0][-]{Appendix.1.B}{Derivation\040of\040s*\(t\)\040given\040s*\(s\)}{}% 41
\BOOKMARK [0][-]{chapter*.15}{References}{}% 42
