This is XeTeX, Version 3.1415926-2.4-0.9998 (MiKTeX 2.9 64-bit) (preloaded format=xelatex 2013.10.5)  29 OCT 2013 20:49
entering extended mode
**thesis.tex
(T:\Personal\GitHub\finalReport\thesis.tex
LaTeX2e <2011/06/27>
Babel <v3.8m> and hyphenation patterns for english, afrikaans, ancientgreek, ar
abic, armenian, assamese, basque, bengali, bokmal, bulgarian, catalan, coptic, 
croatian, czech, danish, dutch, esperanto, estonian, farsi, finnish, french, ga
lician, german, german-x-2012-05-30, greek, gujarati, hindi, hungarian, iceland
ic, indonesian, interlingua, irish, italian, kannada, kurmanji, latin, latvian,
 lithuanian, malayalam, marathi, mongolian, mongolianlmc, monogreek, ngerman, n
german-x-2012-05-30, nynorsk, oriya, panjabi, pinyin, polish, portuguese, roman
ian, russian, sanskrit, serbian, slovak, slovenian, spanish, swedish, swissgerm
an, tamil, telugu, turkish, turkmen, ukenglish, ukrainian, uppersorbian, usengl
ishmax, welsh, loaded.
(T:\Personal\GitHub\finalReport\harvard-thesis.cls
Document Class: harvard-thesis 2012/04/05 v0.4 Harvard University Thesis Class
("C:\Program Files\MiKTeX 2.9\tex\latex\base\book.cls"
Document Class: book 2007/10/19 v1.4h Standard LaTeX document class
("C:\Program Files\MiKTeX 2.9\tex\latex\base\bk12.clo"
File: bk12.clo 2007/10/19 v1.4h Standard LaTeX file (size option)
Requested font "cmr12" at 12.0pt
 -> cmr12
)
\c@part=\count80
\c@chapter=\count81
\c@section=\count82
\c@subsection=\count83
\c@subsubsection=\count84
\c@paragraph=\count85
\c@subparagraph=\count86
\c@figure=\count87
\c@table=\count88
\abovecaptionskip=\skip41
\belowcaptionskip=\skip42
\bibindent=\dimen102
)
("C:\Program Files\MiKTeX 2.9\tex\latex\enumitem\enumitem.sty"
Package: enumitem 2011/09/28 v3.5.2 Customized lists
\enitkv@toks@=\toks14
\labelindent=\skip43
\enit@outerparindent=\dimen103
\enit@toks=\toks15
\enit@inbox=\box26
\enitdp@description=\count89
)
("C:\Program Files\MiKTeX 2.9\tex\latex\graphics\graphicx.sty"
Package: graphicx 1999/02/16 v1.0f Enhanced LaTeX Graphics (DPC,SPQR)

("C:\Program Files\MiKTeX 2.9\tex\latex\graphics\keyval.sty"
Package: keyval 1999/03/16 v1.13 key=value parser (DPC)
\KV@toks@=\toks16
)
("C:\Program Files\MiKTeX 2.9\tex\latex\graphics\graphics.sty"
Package: graphics 2009/02/05 v1.0o Standard LaTeX Graphics (DPC,SPQR)

("C:\Program Files\MiKTeX 2.9\tex\latex\graphics\trig.sty"
Package: trig 1999/03/16 v1.09 sin cos tan (DPC)
)
("C:\Program Files\MiKTeX 2.9\tex\latex\00miktex\graphics.cfg"
File: graphics.cfg 2007/01/18 v1.5 graphics configuration of teTeX/TeXLive
)
Package graphics Info: Driver file: xetex.def on input line 91.

("C:\Program Files\MiKTeX 2.9\tex\xelatex\xetex-def\xetex.def"
File: xetex.def 2013/04/29 v0.96 LaTeX color/graphics driver for XeTeX (RRM/JK)

))
\Gin@req@height=\dimen104
\Gin@req@width=\dimen105
)
("C:\Program Files\MiKTeX 2.9\tex\latex\hyperref\hyperref.sty"
Package: hyperref 2012/11/06 v6.83m Hypertext links for LaTeX

("C:\Program Files\MiKTeX 2.9\tex\generic\oberdiek\hobsub-hyperref.sty"
Package: hobsub-hyperref 2012/04/25 v1.12 Bundle oberdiek, subset hyperref (HO)


("C:\Program Files\MiKTeX 2.9\tex\generic\oberdiek\hobsub-generic.sty"
Package: hobsub-generic 2012/04/25 v1.12 Bundle oberdiek, subset generic (HO)
Package: hobsub 2012/04/25 v1.12 Construct package bundles (HO)
Package: infwarerr 2010/04/08 v1.3 Providing info/warning/error messages (HO)
Package: ltxcmds 2011/11/09 v1.22 LaTeX kernel commands for general use (HO)
Package: ifluatex 2010/03/01 v1.3 Provides the ifluatex switch (HO)
Package ifluatex Info: LuaTeX not detected.
Package: ifvtex 2010/03/01 v1.5 Detect VTeX and its facilities (HO)
Package ifvtex Info: VTeX not detected.
Package: intcalc 2007/09/27 v1.1 Expandable calculations with integers (HO)
Package: ifpdf 2011/01/30 v2.3 Provides the ifpdf switch (HO)
Package ifpdf Info: pdfTeX in PDF mode is not detected.
Package: etexcmds 2011/02/16 v1.5 Avoid name clashes with e-TeX commands (HO)
Package etexcmds Info: Could not find \expanded.
(etexcmds)             That can mean that you are not using pdfTeX 1.50 or
(etexcmds)             that some package has redefined \expanded.
(etexcmds)             In the latter case, load this package earlier.
Package: kvsetkeys 2012/04/25 v1.16 Key value parser (HO)
Package: kvdefinekeys 2011/04/07 v1.3 Define keys (HO)
Package: pdftexcmds 2011/11/29 v0.20 Utility functions of pdfTeX for LuaTeX (HO
)
Package pdftexcmds Info: LuaTeX not detected.
Package pdftexcmds Info: pdfTeX >= 1.30 not detected.
Package pdftexcmds Info: \pdf@primitive is available.
Package pdftexcmds Info: \pdf@ifprimitive is available.
Package pdftexcmds Info: \pdfdraftmode not found.
Package: pdfescape 2011/11/25 v1.13 Implements pdfTeX's escape features (HO)
Package: bigintcalc 2012/04/08 v1.3 Expandable calculations on big integers (HO
)
Package: bitset 2011/01/30 v1.1 Handle bit-vector datatype (HO)
Package: uniquecounter 2011/01/30 v1.2 Provide unlimited unique counter (HO)
)
Package hobsub Info: Skipping package `hobsub' (already loaded).
Package: letltxmacro 2010/09/02 v1.4 Let assignment for LaTeX macros (HO)
Package: hopatch 2011/06/24 v1.1 Wrapper for package hooks (HO)
Package: xcolor-patch 2011/01/30 xcolor patch
Package: atveryend 2011/06/30 v1.8 Hooks at the very end of document (HO)
Package atveryend Info: \enddocument detected (standard20110627).
Package: atbegshi 2011/10/05 v1.16 At begin shipout hook (HO)
Package: refcount 2011/10/16 v3.4 Data extraction from label references (HO)
Package: hycolor 2011/01/30 v1.7 Color options for hyperref/bookmark (HO)
)
("C:\Program Files\MiKTeX 2.9\tex\generic\ifxetex\ifxetex.sty"
Package: ifxetex 2010/09/12 v0.6 Provides ifxetex conditional
)
("C:\Program Files\MiKTeX 2.9\tex\latex\oberdiek\auxhook.sty"
Package: auxhook 2011/03/04 v1.3 Hooks for auxiliary files (HO)
)
("C:\Program Files\MiKTeX 2.9\tex\latex\oberdiek\kvoptions.sty"
Package: kvoptions 2011/06/30 v3.11 Key value format for package options (HO)
)
\@linkdim=\dimen106
\Hy@linkcounter=\count90
\Hy@pagecounter=\count91

("C:\Program Files\MiKTeX 2.9\tex\latex\hyperref\pd1enc.def"
File: pd1enc.def 2012/11/06 v6.83m Hyperref: PDFDocEncoding definition (HO)
)
\Hy@SavedSpaceFactor=\count92

("C:\Program Files\MiKTeX 2.9\tex\latex\00miktex\hyperref.cfg"
File: hyperref.cfg 2002/06/06 v1.2 hyperref configuration of TeXLive
)
Package hyperref Info: Hyper figures OFF on input line 4443.
Package hyperref Info: Link nesting OFF on input line 4448.
Package hyperref Info: Hyper index ON on input line 4451.
Package hyperref Info: Plain pages OFF on input line 4458.
Package hyperref Info: Backreferencing OFF on input line 4463.
Package hyperref Info: Implicit mode ON; LaTeX internals redefined.
Package hyperref Info: Bookmarks ON on input line 4688.
\c@Hy@tempcnt=\count93

("C:\Program Files\MiKTeX 2.9\tex\xelatex\xetexurl\url.sty"
\Urlmuskip=\muskip10
Package: url 2004/03/15  ver 3.1  Verb mode for urls, etc.
)
LaTeX Info: Redefining \url on input line 5041.
\XeTeXLinkMargin=\dimen107
Requested font "pzdr" at 0.00002pt
 -> pzdr
\Fld@menulength=\count94
\Field@Width=\dimen108
\Fld@charsize=\dimen109
Package hyperref Info: Hyper figures OFF on input line 6295.
Package hyperref Info: Link nesting OFF on input line 6300.
Package hyperref Info: Hyper index ON on input line 6303.
Package hyperref Info: backreferencing OFF on input line 6310.
Package hyperref Info: Link coloring OFF on input line 6315.
Package hyperref Info: Link coloring with OCG OFF on input line 6320.
Package hyperref Info: PDF/A mode OFF on input line 6325.
LaTeX Info: Redefining \ref on input line 6365.
LaTeX Info: Redefining \pageref on input line 6369.
\Hy@abspage=\count95
\c@Item=\count96
\c@Hfootnote=\count97
)

Package hyperref Message: Driver (autodetected): hxetex.

("C:\Program Files\MiKTeX 2.9\tex\latex\hyperref\hxetex.def"
File: hxetex.def 2012/11/06 v6.83m Hyperref driver for XeTeX

("C:\Program Files\MiKTeX 2.9\tex\latex\hyperref\puenc.def"
File: puenc.def 2012/11/06 v6.83m Hyperref: PDF Unicode definition (HO)
)
("C:\Program Files\MiKTeX 2.9\tex\generic\oberdiek\stringenc.sty"
Package: stringenc 2011/12/02 v1.10 Convert strings between diff. encodings (HO
)
)
\pdfm@box=\box27
\c@Hy@AnnotLevel=\count98
\HyField@AnnotCount=\count99
\Fld@listcount=\count100
\c@bookmark@seq@number=\count101

("C:\Program Files\MiKTeX 2.9\tex\latex\oberdiek\rerunfilecheck.sty"
Package: rerunfilecheck 2011/04/15 v1.7 Rerun checks for auxiliary files (HO)
Package rerunfilecheck Info: Feature \pdfmdfivesum is not available
(rerunfilecheck)             (e.g. pdfTeX or LuaTeX with package `pdftexcmds').

(rerunfilecheck)             Therefore file contents cannot be checked efficien
tly
(rerunfilecheck)             and the loading of the package is aborted.
)
\Hy@SectionHShift=\skip44
)
Package hyperref Info: Option `linktocpage' set `true' on input line 28.
Package hyperref Info: Option `colorlinks' set `true' on input line 28.

("C:\Program Files\MiKTeX 2.9\tex\latex\amsmath\amsmath.sty"
Package: amsmath 2013/01/14 v2.14 AMS math features
\@mathmargin=\skip45

For additional information on amsmath, use the `?' option.
("C:\Program Files\MiKTeX 2.9\tex\latex\amsmath\amstext.sty"
Package: amstext 2000/06/29 v2.01

("C:\Program Files\MiKTeX 2.9\tex\latex\amsmath\amsgen.sty"
File: amsgen.sty 1999/11/30 v2.0
\@emptytoks=\toks17
\ex@=\dimen110
))
("C:\Program Files\MiKTeX 2.9\tex\latex\amsmath\amsbsy.sty"
Package: amsbsy 1999/11/29 v1.2d
\pmbraise@=\dimen111
)
("C:\Program Files\MiKTeX 2.9\tex\latex\amsmath\amsopn.sty"
Package: amsopn 1999/12/14 v2.01 operator names
)
\inf@bad=\count102
LaTeX Info: Redefining \frac on input line 210.
\uproot@=\count103
\leftroot@=\count104
LaTeX Info: Redefining \overline on input line 306.
\classnum@=\count105
\DOTSCASE@=\count106
LaTeX Info: Redefining \ldots on input line 378.
LaTeX Info: Redefining \dots on input line 381.
LaTeX Info: Redefining \cdots on input line 466.
\Mathstrutbox@=\box28
\strutbox@=\box29
\big@size=\dimen112
LaTeX Font Info:    Redeclaring font encoding OML on input line 566.
LaTeX Font Info:    Redeclaring font encoding OMS on input line 567.
\macc@depth=\count107
\c@MaxMatrixCols=\count108
\dotsspace@=\muskip11
\c@parentequation=\count109
\dspbrk@lvl=\count110
\tag@help=\toks18
\row@=\count111
\column@=\count112
\maxfields@=\count113
\andhelp@=\toks19
\eqnshift@=\dimen113
\alignsep@=\dimen114
\tagshift@=\dimen115
\tagwidth@=\dimen116
\totwidth@=\dimen117
\lineht@=\dimen118
\@envbody=\toks20
\multlinegap=\skip46
\multlinetaggap=\skip47
\mathdisplay@stack=\toks21
LaTeX Info: Redefining \[ on input line 2665.
LaTeX Info: Redefining \] on input line 2666.
)
("C:\Program Files\MiKTeX 2.9\tex\latex\amsfonts\amssymb.sty"
Package: amssymb 2013/01/14 v3.01 AMS font symbols

("C:\Program Files\MiKTeX 2.9\tex\latex\amsfonts\amsfonts.sty"
Package: amsfonts 2013/01/14 v3.01 Basic AMSFonts support
\symAMSa=\mathgroup4
\symAMSb=\mathgroup5
LaTeX Font Info:    Overwriting math alphabet `\mathfrak' in version `bold'
(Font)                  U/euf/m/n --> U/euf/b/n on input line 106.
))
("C:\Program Files\MiKTeX 2.9\tex\latex\natbib\natbib.sty"
Package: natbib 2010/09/13 8.31b (PWD, AO)
\bibhang=\skip48
\bibsep=\skip49
LaTeX Info: Redefining \cite on input line 694.
\c@NAT@ctr=\count114
)
("C:\Program Files\MiKTeX 2.9\tex\latex\titlesec\titlesec.sty"
Package: titlesec 2011/12/15 v2.10.0 Sectioning titles
\ttl@box=\box30
\beforetitleunit=\skip50
\aftertitleunit=\skip51
\ttl@plus=\dimen119
\ttl@minus=\dimen120
\ttl@toksa=\toks22
\titlewidth=\dimen121
\titlewidthlast=\dimen122
\titlewidthfirst=\dimen123
)
("C:\Program Files\MiKTeX 2.9\tex\latex\units\units.sty"
Package: units 1998/08/04 v0.9b Typesetting units

("C:\Program Files\MiKTeX 2.9\tex\latex\base\ifthen.sty"
Package: ifthen 2001/05/26 v1.1c Standard LaTeX ifthen package (DPC)
)
("C:\Program Files\MiKTeX 2.9\tex\latex\units\nicefrac.sty"
Package: nicefrac 1998/08/04 v0.9b Nice fractions
\L@UnitsRaiseDisplaystyle=\skip52
\L@UnitsRaiseTextstyle=\skip53
\L@UnitsRaiseScriptstyle=\skip54
LaTeX Info: Redefining \nicefrac on input line 131.
))
("C:\Program Files\MiKTeX 2.9\tex\latex\tools\verbatim.sty"
Package: verbatim 2003/08/22 v1.5q LaTeX2e package for verbatim enhancements
\every@verbatim=\toks23
\verbatim@line=\toks24
\verbatim@in@stream=\read1
)
("C:\Program Files\MiKTeX 2.9\tex\latex\graphics\color.sty"
Package: color 2005/11/14 v1.0j Standard LaTeX Color (DPC)

("C:\Program Files\MiKTeX 2.9\tex\latex\00miktex\color.cfg"
File: color.cfg 2007/01/18 v1.5 color configuration of teTeX/TeXLive
)
Package color Info: Driver file: xetex.def on input line 130.
)
("C:\Program Files\MiKTeX 2.9\tex\latex\tocloft\tocloft.sty"
Package: tocloft 2013/05/02 v2.3f parameterised ToC, etc., typesetting
Package tocloft Info: The document has chapter divisions on input line 44.
\cftparskip=\skip55
\cftbeforetoctitleskip=\skip56
\cftaftertoctitleskip=\skip57
\cftbeforepartskip=\skip58
\cftpartnumwidth=\skip59
\cftpartindent=\skip60
\cftbeforechapskip=\skip61
\cftchapindent=\skip62
\cftchapnumwidth=\skip63
\cftbeforesecskip=\skip64
\cftsecindent=\skip65
\cftsecnumwidth=\skip66
\cftbeforesubsecskip=\skip67
\cftsubsecindent=\skip68
\cftsubsecnumwidth=\skip69
\cftbeforesubsubsecskip=\skip70
\cftsubsubsecindent=\skip71
\cftsubsubsecnumwidth=\skip72
\cftbeforeparaskip=\skip73
\cftparaindent=\skip74
\cftparanumwidth=\skip75
\cftbeforesubparaskip=\skip76
\cftsubparaindent=\skip77
\cftsubparanumwidth=\skip78
\cftbeforeloftitleskip=\skip79
\cftafterloftitleskip=\skip80
\cftbeforefigskip=\skip81
\cftfigindent=\skip82
\cftfignumwidth=\skip83
\c@lofdepth=\count115
\c@lotdepth=\count116
\cftbeforelottitleskip=\skip84
\cftafterlottitleskip=\skip85
\cftbeforetabskip=\skip86
\cfttabindent=\skip87
\cfttabnumwidth=\skip88
)
("C:\Program Files\MiKTeX 2.9\tex\latex\pdfsync\pdfsync.sty"
Package: pdfsync 2008/01/26 v1.1
)
(T:\Personal\GitHub\finalReport\packages/fltpage.sty

LaTeX Warning: You have requested package `packages/fltpage',
               but the package provides `fltpage'.

Package: fltpage 1998/10/29 v.0.3 Floats on full page (SMU)
("C:\Program Files\MiKTeX 2.9\tex\latex\tools\afterpage.sty"
Package: afterpage 1995/10/27 v1.08 After-Page Package (DPC)
\AP@output=\toks25
\AP@partial=\box31
\AP@footins=\box32
)
\c@FP@figureC=\count117
\c@FP@tableC=\count118
\FP@floatCorpusBOX=\box33
)
("C:\Program Files\MiKTeX 2.9\tex\latex\natbib\bibentry.sty"
Package: bibentry 2007/10/30 1.5 (PWD)
)
(T:\Personal\GitHub\finalReport\thesis.bbl)
("C:\Program Files\MiKTeX 2.9\tex\latex\geometry\geometry.sty"
Package: geometry 2010/09/12 v5.6 Page Geometry
\Gm@cnth=\count119
\Gm@cntv=\count120
\c@Gm@tempcnt=\count121
\Gm@bindingoffset=\dimen124
\Gm@wd@mp=\dimen125
\Gm@odd@mp=\dimen126
\Gm@even@mp=\dimen127
\Gm@layoutwidth=\dimen128
\Gm@layoutheight=\dimen129
\Gm@layouthoffset=\dimen130
\Gm@layoutvoffset=\dimen131
\Gm@dimlist=\toks26

("C:\Program Files\MiKTeX 2.9\tex\xelatex\xetexconfig\geometry.cfg"))
("C:\Program Files\MiKTeX 2.9\tex\latex\fancyhdr\fancyhdr.sty"
\fancy@headwidth=\skip89
\f@ncyO@elh=\skip90
\f@ncyO@erh=\skip91
\f@ncyO@olh=\skip92
\f@ncyO@orh=\skip93
\f@ncyO@elf=\skip94
\f@ncyO@erf=\skip95
\f@ncyO@olf=\skip96
\f@ncyO@orf=\skip97
)
("C:\Program Files\MiKTeX 2.9\tex\latex\quotchap\quotchap.sty"
Package: quotchap 2012/10/20 v1.1 Decorative Chapter Headings with Quotes
\@quotebox=\box34
)
Package color Info: Redefining color chaptergrey on input line 76.

("C:\Program Files\MiKTeX 2.9\tex\latex\titling\titling.sty"
Package: titling 2009/09/04 v2.1d maketitle typesetting
\thanksmarkwidth=\skip98
\thanksmargin=\skip99
\droptitle=\skip100
)
("C:\Program Files\MiKTeX 2.9\tex\latex\setspace\setspace.sty"
Package: setspace 2011/12/19 v6.7a set line spacing
)
("C:\Program Files\MiKTeX 2.9\tex\latex\booktabs\booktabs.sty"
Package: booktabs 2005/04/14 v1.61803 publication quality tables
\heavyrulewidth=\dimen132
\lightrulewidth=\dimen133
\cmidrulewidth=\dimen134
\belowrulesep=\dimen135
\belowbottomsep=\dimen136
\aboverulesep=\dimen137
\abovetopsep=\dimen138
\cmidrulesep=\dimen139
\cmidrulekern=\dimen140
\defaultaddspace=\dimen141
\@cmidla=\count122
\@cmidlb=\count123
\@aboverulesep=\dimen142
\@belowrulesep=\dimen143
\@thisruleclass=\count124
\@lastruleclass=\count125
\@thisrulewidth=\dimen144
)
("C:\Program Files\MiKTeX 2.9\tex\latex\caption\caption.sty"
Package: caption 2013/05/02 v3.3-89 Customizing captions (AR)

("C:\Program Files\MiKTeX 2.9\tex\latex\caption\caption3.sty"
Package: caption3 2013/05/02 v1.6-88 caption3 kernel (AR)
Package caption3 Info: TeX engine: e-TeX on input line 57.
\captionmargin=\dimen145
\captionmargin@=\dimen146
\captionwidth=\dimen147
\caption@tempdima=\dimen148
\caption@indent=\dimen149
\caption@parindent=\dimen150
\caption@hangindent=\dimen151
)
Package caption Info: We need package `newfloat' on input line 293.

("C:\Program Files\MiKTeX 2.9\tex\latex\caption\newfloat.sty"
Package: newfloat 2013/05/11 v1.1-91 Defining new floating environments (AR)
)
\c@ContinuedFloat=\count126
Package caption Info: hyperref package is loaded.
)
("C:\Program Files\MiKTeX 2.9\tex\xelatex\mathspec\mathspec.sty"
Package: mathspec 2009/09/30 v0.2 LaTeX Package (Mathematics font selection for
 XeLaTeX)

("C:\Program Files\MiKTeX 2.9\tex\latex\etoolbox\etoolbox.sty"
Package: etoolbox 2011/01/03 v2.1 e-TeX tools for LaTeX

("C:\Program Files\MiKTeX 2.9\tex\latex\misc\etex.sty"
Package: etex 1998/03/26 v2.0 eTeX basic definition package (PEB)
\et@xins=\count127
)
\etb@tempcnta=\count128
)
("C:\Program Files\MiKTeX 2.9\tex\latex\fontspec\fontspec.sty"
Package: fontspec 2013/02/25 v2.3 Font selection for XeLaTeX and LuaLaTeX

("C:\Program Files\MiKTeX 2.9\tex\latex\l3kernel\expl3.sty"
("C:\Program Files\MiKTeX 2.9\tex\latex\l3kernel\l3names.sty"
("C:\Program Files\MiKTeX 2.9\tex\latex\l3kernel\l3bootstrap.sty"
Package: l3bootstrap 2013/07/28 v4581 L3 Experimental bootstrap code
)
Package: l3names 2012/12/07 v4346 L3 Namespace for primitives
)
Package: expl3 2013/07/28 v4582 L3 Experimental code bundle wrapper

("C:\Program Files\MiKTeX 2.9\tex\latex\l3kernel\l3basics.sty"
Package: l3basics 2013/07/28 v4581 L3 Basic definitions
)
("C:\Program Files\MiKTeX 2.9\tex\latex\l3kernel\l3expan.sty"
Package: l3expan 2013/07/24 v4565 L3 Argument expansion
)
("C:\Program Files\MiKTeX 2.9\tex\latex\l3kernel\l3tl.sty"
Package: l3tl 2013/07/28 v4581 L3 Token lists
)
("C:\Program Files\MiKTeX 2.9\tex\latex\l3kernel\l3seq.sty"
Package: l3seq 2013/07/28 v4581 L3 Sequences and stacks
)
("C:\Program Files\MiKTeX 2.9\tex\latex\l3kernel\l3int.sty"
Package: l3int 2013/07/28 v4581 L3 Integers
\c_max_int=\count129
\l_tmpa_int=\count130
\l_tmpb_int=\count131
\g_tmpa_int=\count132
\g_tmpb_int=\count133
)
("C:\Program Files\MiKTeX 2.9\tex\latex\l3kernel\l3quark.sty"
Package: l3quark 2013/07/21 v4564 L3 Quarks
)
("C:\Program Files\MiKTeX 2.9\tex\latex\l3kernel\l3prg.sty"
Package: l3prg 2013/07/28 v4581 L3 Control structures
\g__prg_map_int=\count134
)
("C:\Program Files\MiKTeX 2.9\tex\latex\l3kernel\l3clist.sty"
Package: l3clist 2013/07/28 v4581 L3 Comma separated lists
)
("C:\Program Files\MiKTeX 2.9\tex\latex\l3kernel\l3token.sty"
Package: l3token 2013/07/28 v4581 L3 Experimental token manipulation
)
("C:\Program Files\MiKTeX 2.9\tex\latex\l3kernel\l3prop.sty"
Package: l3prop 2013/07/28 v4581 L3 Property lists
)
("C:\Program Files\MiKTeX 2.9\tex\latex\l3kernel\l3msg.sty"
Package: l3msg 2013/07/28 v4581 L3 Messages
)
("C:\Program Files\MiKTeX 2.9\tex\latex\l3kernel\l3file.sty"
Package: l3file 2013/07/28 v4581 L3 File and I/O operations
\l_iow_line_count_int=\count135
\l__iow_target_count_int=\count136
\l__iow_current_line_int=\count137
\l__iow_current_word_int=\count138
\l__iow_current_indentation_int=\count139
)
("C:\Program Files\MiKTeX 2.9\tex\latex\l3kernel\l3skip.sty"
Package: l3skip 2013/07/28 v4581 L3 Dimensions and skips
\c_zero_dim=\dimen152
\c_max_dim=\dimen153
\l_tmpa_dim=\dimen154
\l_tmpb_dim=\dimen155
\g_tmpa_dim=\dimen156
\g_tmpb_dim=\dimen157
\c_zero_skip=\skip101
\c_max_skip=\skip102
\l_tmpa_skip=\skip103
\l_tmpb_skip=\skip104
\g_tmpa_skip=\skip105
\g_tmpb_skip=\skip106
\c_zero_muskip=\muskip12
\c_max_muskip=\muskip13
\l_tmpa_muskip=\muskip14
\l_tmpb_muskip=\muskip15
\g_tmpa_muskip=\muskip16
\g_tmpb_muskip=\muskip17
)
("C:\Program Files\MiKTeX 2.9\tex\latex\l3kernel\l3keys.sty"
Package: l3keys 2013/07/28 v4581 L3 Experimental key-value interfaces
\g__keyval_level_int=\count140
\l_keys_choice_int=\count141
)
("C:\Program Files\MiKTeX 2.9\tex\latex\l3kernel\l3fp.sty"
Package: l3fp 2013/07/09 v4521 L3 Floating points
\c__fp_leading_shift_int=\count142
\c__fp_middle_shift_int=\count143
\c__fp_trailing_shift_int=\count144
\c__fp_big_leading_shift_int=\count145
\c__fp_big_middle_shift_int=\count146
\c__fp_big_trailing_shift_int=\count147
\c__fp_Bigg_leading_shift_int=\count148
\c__fp_Bigg_middle_shift_int=\count149
\c__fp_Bigg_trailing_shift_int=\count150
)
("C:\Program Files\MiKTeX 2.9\tex\latex\l3kernel\l3box.sty"
Package: l3box 2013/07/28 v4581 L3 Experimental boxes
\c_empty_box=\box35
\l_tmpa_box=\box36
\l_tmpb_box=\box37
\g_tmpa_box=\box38
\g_tmpb_box=\box39
)
("C:\Program Files\MiKTeX 2.9\tex\latex\l3kernel\l3coffins.sty"
Package: l3coffins 2012/09/09 v4212 L3 Coffin code layer
\l__coffin_internal_box=\box40
\l__coffin_internal_dim=\dimen158
\l__coffin_offset_x_dim=\dimen159
\l__coffin_offset_y_dim=\dimen160
\l__coffin_x_dim=\dimen161
\l__coffin_y_dim=\dimen162
\l__coffin_x_prime_dim=\dimen163
\l__coffin_y_prime_dim=\dimen164
\c_empty_coffin=\box41
\l__coffin_aligned_coffin=\box42
\l__coffin_aligned_internal_coffin=\box43
\l_tmpa_coffin=\box44
\l_tmpb_coffin=\box45
\l__coffin_display_coffin=\box46
\l__coffin_display_coord_coffin=\box47
\l__coffin_display_pole_coffin=\box48
\l__coffin_display_offset_dim=\dimen165
\l__coffin_display_x_dim=\dimen166
\l__coffin_display_y_dim=\dimen167
)
("C:\Program Files\MiKTeX 2.9\tex\latex\l3kernel\l3color.sty"
Package: l3color 2012/08/29 v4156 L3 Experimental color support
)
("C:\Program Files\MiKTeX 2.9\tex\latex\l3kernel\l3luatex.sty"
Package: l3luatex 2013/07/28 v4581 L3 Experimental LuaTeX-specific functions
\g__cctab_allocate_int=\count151
\g__cctab_stack_int=\count152
)
("C:\Program Files\MiKTeX 2.9\tex\latex\l3kernel\l3candidates.sty"
Package: l3candidates 2013/07/24 v4576 L3 Experimental additions to l3kernel
\l__box_top_dim=\dimen168
\l__box_bottom_dim=\dimen169
\l__box_left_dim=\dimen170
\l__box_right_dim=\dimen171
\l__box_top_new_dim=\dimen172
\l__box_bottom_new_dim=\dimen173
\l__box_left_new_dim=\dimen174
\l__box_right_new_dim=\dimen175
\l__box_internal_box=\box49
\l__coffin_bounding_shift_dim=\dimen176
\l__coffin_left_corner_dim=\dimen177
\l__coffin_right_corner_dim=\dimen178
\l__coffin_bottom_corner_dim=\dimen179
\l__coffin_top_corner_dim=\dimen180
\l__coffin_scaled_total_height_dim=\dimen181
\l__coffin_scaled_width_dim=\dimen182
))
("C:\Program Files\MiKTeX 2.9\tex\latex\l3packages\xparse\xparse.sty"
Package: xparse 2013/07/28 v4582 L3 Experimental document command parser
\l__xparse_current_arg_int=\count153
\l__xparse_m_args_int=\count154
\l__xparse_mandatory_args_int=\count155
\l__xparse_processor_int=\count156
\l__xparse_v_nesting_int=\count157
)
\l_fontspec_script_int=\count158
\l_fontspec_language_int=\count159
\l_fontspec_strnum_int=\count160
\l_fontspec_tmpa_dim=\dimen183
\l_fontspec_tmpb_dim=\dimen184
\l_fontspec_tmpc_dim=\dimen185
Variant \tl_gset:cV already defined; not changing it on line 69

("C:\Program Files\MiKTeX 2.9\tex\latex\fontspec\fontspec-patches.sty"
Package: fontspec-patches 2013/02/25 v2.3 Font selection for XeLaTeX and LuaLaT
eX

("C:\Program Files\MiKTeX 2.9\tex\latex\base\fixltx2e.sty"
Package: fixltx2e 2006/09/13 v1.1m fixes to LaTeX
LaTeX Info: Redefining \em on input line 420.
LaTeX Info: The control sequence `\[' is already robust on input line 471.
LaTeX Info: The control sequence `\]' is already robust on input line 472.
)
LaTeX Info: Redefining \em on input line 22.
LaTeX Info: Redefining \emph on input line 30.
LaTeX Info: Redefining \- on input line 33.

*************************************************
* LaTeX warning: "xparse/redefine-command"
* 
* Redefining document command \oldstylenums with arg. spec. 'm' on line 128.
*************************************************
.................................................
. LaTeX info: "xparse/define-command"
. 
. Defining document command \liningnums with arg. spec. 'm' on line 132.
.................................................
) ("C:\Program Files\MiKTeX 2.9\tex\latex\fontspec\fontspec-xetex.sty"
Package: fontspec-xetex 2013/02/25 v2.3 Font selection for XeLaTeX and LuaLaTeX


("C:\Program Files\MiKTeX 2.9\tex\latex\base\fontenc.sty"
Package: fontenc 2005/09/27 v1.99g Standard LaTeX package

("C:\Program Files\MiKTeX 2.9\tex\latex\euenc\eu1enc.def"
File: eu1enc.def 2010/05/27 v0.1h Experimental Unicode font encodings
)
LaTeX Font Info:    Try loading font information for EU1+lmr on input line 100.


("C:\Program Files\MiKTeX 2.9\tex\latex\euenc\eu1lmr.fd"
File: eu1lmr.fd 2009/10/30 v1.6 Font defs for Latin Modern
)
Requested font "[lmroman10-regular]:mapping=tex-text" at 10.0pt
 -> C:/Program Files/MiKTeX 2.9/fonts/opentype/public/lm/lmroman10-regular.otf
)
("C:\Program Files\MiKTeX 2.9\tex\xelatex\xunicode\xunicode.sty"
File: xunicode.sty 2011/09/09 v0.981 provides access to latin accents and many 
other characters in Unicode lower plane

("C:\Program Files\MiKTeX 2.9\tex\latex\tipa\t3enc.def"
File: t3enc.def 2001/12/31 T3 encoding
Requested font "[lmromanslant10-regular]:mapping=tex-text" at 10.0pt
 -> C:/Program Files/MiKTeX 2.9/fonts/opentype/public/lm/lmromanslant10-regular
.otf
Requested font "[lmroman10-italic]:mapping=tex-text" at 10.0pt
 -> C:/Program Files/MiKTeX 2.9/fonts/opentype/public/lm/lmroman10-italic.otf
Requested font "[lmroman10-bold]:mapping=tex-text" at 10.0pt
 -> C:/Program Files/MiKTeX 2.9/fonts/opentype/public/lm/lmroman10-bold.otf
LaTeX Font Info:    Try loading font information for EU1+lmss on input line 357
.

("C:\Program Files\MiKTeX 2.9\tex\latex\euenc\eu1lmss.fd"
File: eu1lmss.fd 2009/10/30 v1.6 Font defs for Latin Modern
)
Requested font "[lmsans10-regular]:mapping=tex-text" at 10.0pt
 -> C:/Program Files/MiKTeX 2.9/fonts/opentype/public/lm/lmsans10-regular.otf
)
\tipaTiiicode=\count161
\tipasavetokens=\toks27
\tipachecktokens=\toks28
)
.................................................
. LaTeX info: "xparse/define-command"
. 
. Defining document command \fontspec with arg. spec. 'O{}m' on line 41.
.................................................
.................................................
. LaTeX info: "xparse/define-command"
. 
. Defining document command \setmainfont with arg. spec. 'O{}m' on line 46.
.................................................
.................................................
. LaTeX info: "xparse/define-command"
. 
. Defining document command \setsansfont with arg. spec. 'O{}m' on line 51.
.................................................
.................................................
. LaTeX info: "xparse/define-command"
. 
. Defining document command \setmonofont with arg. spec. 'O{}m' on line 56.
.................................................
.................................................
. LaTeX info: "xparse/define-command"
. 
. Defining document command \setmathrm with arg. spec. 'O{}m' on line 65.
.................................................
.................................................
. LaTeX info: "xparse/define-command"
. 
. Defining document command \setboldmathrm with arg. spec. 'O{}m' on line 69.
.................................................
.................................................
. LaTeX info: "xparse/define-command"
. 
. Defining document command \setmathsf with arg. spec. 'O{}m' on line 73.
.................................................
.................................................
. LaTeX info: "xparse/define-command"
. 
. Defining document command \setmathtt with arg. spec. 'O{}m' on line 77.
.................................................
.................................................
. LaTeX info: "xparse/define-command"
. 
. Defining document command \newfontfamily with arg. spec. 'mO{}m' on line 96.
.................................................
.................................................
. LaTeX info: "xparse/define-command"
. 
. Defining document command \newfontface with arg. spec. 'mO{}m' on line 100.
.................................................
.................................................
. LaTeX info: "xparse/define-command"
. 
. Defining document command \defaultfontfeatures with arg. spec. 'om' on line
. 108.
.................................................
.................................................
. LaTeX info: "xparse/define-command"
. 
. Defining document command \addfontfeatures with arg. spec. 'm' on line 144.
.................................................
.................................................
. LaTeX info: "xparse/define-command"
. 
. Defining document command \newfontfeature with arg. spec. 'mm' on line 156.
.................................................
.................................................
. LaTeX info: "xparse/define-command"
. 
. Defining document command \newAATfeature with arg. spec. 'mmmm' on line 164.
.................................................
.................................................
. LaTeX info: "xparse/define-command"
. 
. Defining document command \newICUfeature with arg. spec. 'mmm' on line 172.
.................................................
.................................................
. LaTeX info: "xparse/define-command"
. 
. Defining document command \aliasfontfeature with arg. spec. 'mm' on line
. 201.
.................................................
.................................................
. LaTeX info: "xparse/define-command"
. 
. Defining document command \aliasfontfeatureoption with arg. spec. 'mmm' on
. line 203.
.................................................
.................................................
. LaTeX info: "xparse/define-command"
. 
. Defining document command \newfontscript with arg. spec. 'mm' on line 208.
.................................................
.................................................
. LaTeX info: "xparse/define-command"
. 
. Defining document command \newfontlanguage with arg. spec. 'mm' on line 235.
.................................................
.................................................
. LaTeX info: "xparse/define-command"
. 
. Defining document command \DeclareFontsExtensions with arg. spec. 'm' on
. line 256.
.................................................
Variant \prop_gput:cnV already defined; not changing it on line 582
Variant \prop_gput:cnx already defined; not changing it on line 583
\l_fontspec_tmp_int=\count162
LaTeX Info: Redefining \itshape on input line 2091.
LaTeX Info: Redefining \slshape on input line 2096.
LaTeX Info: Redefining \scshape on input line 2101.
LaTeX Info: Redefining \upshape on input line 2106.

("C:\Program Files\MiKTeX 2.9\tex\latex\fontspec\fontspec.cfg")))
("C:\Program Files\MiKTeX 2.9\tex\latex\xkeyval\xkeyval.sty"
Package: xkeyval 2012/10/14 v2.6b package option processing (HA)

("C:\Program Files\MiKTeX 2.9\tex\generic\xkeyval\xkeyval.tex"
\XKV@toks=\toks29
\XKV@tempa@toks=\toks30
\XKV@depth=\count163
File: xkeyval.tex 2012/10/14 v2.6b key=value parser (HA)
))
\c@eu@=\count164
\c@eu@i=\count165
\c@mkern=\count166
)
\g__file_internal_ior=\read2
Requested font "Arno Pro" at 10.0pt
 -> C:/Windows/Fonts/ArnoPro-SmText.otf
Requested font "Arno Pro/ICU" at 10.0pt
 -> C:/Windows/Fonts/ArnoPro-SmText.otf
\g_fontspec_family_Arno Pro_int=\count167
Requested font "Arno Pro/ICU" at 10.0pt
 -> C:/Windows/Fonts/ArnoPro-SmText.otf
Requested font "Arno Pro/ICU" at 10.0pt
 -> C:/Windows/Fonts/ArnoPro-SmText.otf
Requested font "Arno Pro/B/ICU" at 10.0pt
 -> C:/Windows/Fonts/ArnoPro-SmbdSmText.otf
Requested font "Arno Pro/B/ICU" at 10.0pt
 -> C:/Windows/Fonts/ArnoPro-SmbdSmText.otf
Requested font "Arno Pro/ICU" at 10.0pt
 -> C:/Windows/Fonts/ArnoPro-SmText.otf
Requested font "Arno Pro/I/ICU" at 10.0pt
 -> C:/Windows/Fonts/ArnoPro-ItalicSmText.otf
Requested font "Arno Pro/I/ICU" at 10.0pt
 -> C:/Windows/Fonts/ArnoPro-ItalicSmText.otf
Requested font "Arno Pro/ICU" at 10.0pt
 -> C:/Windows/Fonts/ArnoPro-SmText.otf
Requested font "Arno Pro/BI/ICU" at 10.0pt
 -> C:/Windows/Fonts/ArnoPro-SmbdItalicSmText.otf
Requested font "Arno Pro/BI/ICU" at 10.0pt
 -> C:/Windows/Fonts/ArnoPro-SmbdItalicSmText.otf
.................................................
. fontspec info: "defining-font"
. 
. Font family 'ArnoPro(0)' created for font 'Arno Pro' with options
. [Numbers={OldStyle,Proportional}].
. 
. This font family consists of the following shapes:
. 
. * 'normal' with NFSS spec.:
. <->"Arno Pro/ICU:script=latn;language=DFLT;+onum;+pnum;"
. 
. * 'small caps' with NFSS spec.:
. <->"Arno Pro/ICU:script=latn;language=DFLT;+onum;+pnum;+smcp;"
. 
. * 'bold' with NFSS spec.:
. <->"Arno Pro/B/ICU:script=latn;language=DFLT;+onum;+pnum;"
. 
. * 'bold small caps' with NFSS spec.:
. <->"Arno Pro/B/ICU:script=latn;language=DFLT;+onum;+pnum;+smcp;"
. 
. * 'italic' with NFSS spec.:
. <->"Arno Pro/I/ICU:script=latn;language=DFLT;+onum;+pnum;"
. 
. * 'italic small caps' with NFSS spec.:
. <->"Arno Pro/I/ICU:script=latn;language=DFLT;+onum;+pnum;+smcp;"
. 
. * 'bold italic' with NFSS spec.:
. <->"Arno Pro/BI/ICU:script=latn;language=DFLT;+onum;+pnum;"
. 
. * 'bold italic small caps' with NFSS spec.:
. <->"Arno Pro/BI/ICU:script=latn;language=DFLT;+onum;+pnum;+smcp;"
.................................................
\symDigits:m:n=\mathgroup6
Requested font "Arno Pro/ICU:script=latn;language=DFLT;+onum;+pnum;" at 10.0pt
 -> C:/Windows/Fonts/ArnoPro-SmText.otf
Requested font "Arno Pro" at 10.0pt
 -> C:/Windows/Fonts/ArnoPro-SmText.otf
Requested font "Arno Pro/ICU" at 10.0pt
 -> C:/Windows/Fonts/ArnoPro-SmText.otf
.................................................
. fontspec info: "defining-font"
. 
. Font family 'ArnoPro(0)' created for font 'Arno Pro' with options
. [Numbers={OldStyle,Proportional}].
. 
. This font family consists of the following shapes:
.................................................
\symLatin:m:n=\mathgroup7
\symLatin:m:it=\mathgroup8
Requested font "Arno Pro" at 10.0pt
 -> C:/Windows/Fonts/ArnoPro-SmText.otf
Requested font "Arno Pro/ICU" at 10.0pt
 -> C:/Windows/Fonts/ArnoPro-SmText.otf
.................................................
. fontspec info: "defining-font"
. 
. Font family 'ArnoPro(0)' created for font 'Arno Pro' with options
. [Numbers={OldStyle,Proportional}].
. 
. This font family consists of the following shapes:
.................................................
\symGreek:m:n=\mathgroup9
\symGreek:m:it=\mathgroup10
Requested font "Arno Pro" at 10.0pt
 -> C:/Windows/Fonts/ArnoPro-SmText.otf
Requested font "Arno Pro/ICU" at 10.0pt
 -> C:/Windows/Fonts/ArnoPro-SmText.otf
Requested font "Arno Pro/ICU" at 10.0pt
 -> C:/Windows/Fonts/ArnoPro-SmText.otf
Requested font "Arno Pro/ICU" at 10.0pt
 -> C:/Windows/Fonts/ArnoPro-SmText.otf
Requested font "Arno Pro/B/ICU" at 10.0pt
 -> C:/Windows/Fonts/ArnoPro-SmbdSmText.otf
Requested font "Arno Pro/B/ICU" at 10.0pt
 -> C:/Windows/Fonts/ArnoPro-SmbdSmText.otf
Requested font "Arno Pro/ICU" at 10.0pt
 -> C:/Windows/Fonts/ArnoPro-SmText.otf
Requested font "Arno Pro/I/ICU" at 10.0pt
 -> C:/Windows/Fonts/ArnoPro-ItalicSmText.otf
Requested font "Arno Pro/I/ICU" at 10.0pt
 -> C:/Windows/Fonts/ArnoPro-ItalicSmText.otf
Requested font "Arno Pro/ICU" at 10.0pt
 -> C:/Windows/Fonts/ArnoPro-SmText.otf
Requested font "Arno Pro/BI/ICU" at 10.0pt
 -> C:/Windows/Fonts/ArnoPro-SmbdItalicSmText.otf
Requested font "Arno Pro/BI/ICU" at 10.0pt
 -> C:/Windows/Fonts/ArnoPro-SmbdItalicSmText.otf
.................................................
. fontspec info: "defining-font"
. 
. Font family 'ArnoPro(1)' created for font 'Arno Pro' with options [].
. 
. This font family consists of the following shapes:
. 
. * 'normal' with NFSS spec.:
. <->"Arno Pro/ICU:script=latn;language=DFLT;"
. 
. * 'small caps' with NFSS spec.:
. <->"Arno Pro/ICU:script=latn;language=DFLT;+smcp;"
. 
. * 'bold' with NFSS spec.:
. <->"Arno Pro/B/ICU:script=latn;language=DFLT;"
. 
. * 'bold small caps' with NFSS spec.:
. <->"Arno Pro/B/ICU:script=latn;language=DFLT;+smcp;"
. 
. * 'italic' with NFSS spec.:
. <->"Arno Pro/I/ICU:script=latn;language=DFLT;"
. 
. * 'italic small caps' with NFSS spec.:
. <->"Arno Pro/I/ICU:script=latn;language=DFLT;+smcp;"
. 
. * 'bold italic' with NFSS spec.:
. <->"Arno Pro/BI/ICU:script=latn;language=DFLT;"
. 
. * 'bold italic small caps' with NFSS spec.:
. <->"Arno Pro/BI/ICU:script=latn;language=DFLT;+smcp;"
.................................................
LaTeX Font Info:    Redeclaring math alphabet \mathrm on input line 93.
LaTeX Font Info:    Overwriting math alphabet `\mathrm' in version `bold'
(Font)                  EU1/ArnoPro(1)/m/n --> EU1/ArnoPro(1)/bx/n on input lin
e 93.
LaTeX Font Info:    Redeclaring math alphabet \mathit on input line 93.
LaTeX Font Info:    Overwriting math alphabet `\mathit' in version `normal'
(Font)                  OT1/cmr/m/it --> EU1/ArnoPro(1)/m/it on input line 93.
LaTeX Font Info:    Overwriting math alphabet `\mathit' in version `bold'
(Font)                  OT1/cmr/bx/it --> EU1/ArnoPro(1)/m/it on input line 93.

LaTeX Font Info:    Redeclaring math alphabet \mathbf on input line 93.
LaTeX Font Info:    Overwriting math alphabet `\mathbf' in version `normal'
(Font)                  OT1/cmr/bx/n --> EU1/ArnoPro(1)/bx/n on input line 93.
LaTeX Font Info:    Overwriting math alphabet `\mathbf' in version `bold'
(Font)                  OT1/cmr/bx/n --> EU1/ArnoPro(1)/bx/n on input line 93.
LaTeX Font Info:    Overwriting math alphabet `\mathit' in version `bold'
(Font)                  EU1/ArnoPro(1)/m/it --> EU1/ArnoPro(1)/bx/it on input l
ine 93.
\symOperators:m:n=\mathgroup11

("C:\Program Files\MiKTeX 2.9\tex\latex\xltxtra\xltxtra.sty"
Package: xltxtra 2010/09/20 v0.5e Improvements for the "XeLaTeX" format

("C:\Program Files\MiKTeX 2.9\tex\latex\realscripts\realscripts.sty"
Package: realscripts 2013/03/18 v0.3c Access OpenType subscripts and superscrip
ts
.................................................
. LaTeX info: "xparse/define-command"
. 
. Defining document command \fakesubscript with arg. spec. 'm' on line 19.
.................................................
.................................................
. LaTeX info: "xparse/define-command"
. 
. Defining document command \fakesuperscript with arg. spec. 'm' on line 22.
.................................................

*************************************************
* LaTeX warning: "xparse/redefine-command"
* 
* Redefining document command \textsubscript with arg. spec. 's' on line 25.
*************************************************
*************************************************
* LaTeX warning: "xparse/redefine-command"
* 
* Redefining document command \textsuperscript with arg. spec. 's' on line 28.
*************************************************
.................................................
. LaTeX info: "xparse/define-command"
. 
. Defining document command \realsubscript with arg. spec. 'm' on line 45.
.................................................
.................................................
. LaTeX info: "xparse/define-command"
. 
. Defining document command \realsuperscript with arg. spec. 'm' on line 60.
.................................................
.................................................
. LaTeX info: "xparse/define-command"
. 
. Defining document command \textsubsuperscript with arg. spec. 'sO{l}mm' on
. line 138.
.................................................
.................................................
. LaTeX info: "xparse/define-command"
. 
. Defining document command \textsupersubscript with arg. spec. 'sO{l}mm' on
. line 143.
.................................................
\subsupersep=\dimen186
) ("C:\Program Files\MiKTeX 2.9\tex\latex\metalogo\metalogo.sty"
Package: metalogo 2010/05/29 v0.12 Extended TeX logo macros
\xl@everylogo=\toks31
\xl@@everylogo=\toks32
LaTeX Info: Redefining \TeX on input line 193.
LaTeX Info: Redefining \LaTeX on input line 202.
LaTeX Info: Redefining \LaTeXe on input line 219.
)
\xxt@tempbox=\box50
)
Requested font "Arno Pro" at 10.0pt
 -> C:/Windows/Fonts/ArnoPro-SmText.otf
Requested font "Arno Pro/ICU" at 10.0pt
 -> C:/Windows/Fonts/ArnoPro-SmText.otf
Requested font "Arno Pro/ICU" at 10.0pt
 -> C:/Windows/Fonts/ArnoPro-SmText.otf

*************************************************
* fontspec warning: "icu-feature-not-exist-in-font"
* 
* OpenType feature 'Contextuals=Swash,Alternate' (+cswh) not available for
* font 'Arno Pro' with script 'Latin' and language 'Default'.
*************************************************
*************************************************
* fontspec warning: "icu-feature-not-exist-in-font"
* 
* OpenType feature 'Contextuals=Swash,Alternate' (+cswh) not available for
* font 'Arno Pro' with script 'Latin' and language 'Default'.
*************************************************
*************************************************
* fontspec warning: "icu-feature-not-exist-in-font"
* 
* OpenType feature 'Contextuals=Swash,Alternate' (+cswh) not available for
* font 'Arno Pro' with script 'Latin' and language 'Default'.
*************************************************
*************************************************
* fontspec warning: "icu-feature-not-exist-in-font"
* 
* OpenType feature 'Contextuals=Swash,Alternate' (+cswh) not available for
* font 'Arno Pro' with script 'Latin' and language 'Default'.
*************************************************
Requested font "Arno Pro/ICU" at 10.0pt
 -> C:/Windows/Fonts/ArnoPro-SmText.otf
Requested font "Arno Pro/B/ICU" at 10.0pt
 -> C:/Windows/Fonts/ArnoPro-SmbdSmText.otf
Requested font "Arno Pro/B/ICU" at 10.0pt
 -> C:/Windows/Fonts/ArnoPro-SmbdSmText.otf
*************************************************
* fontspec warning: "icu-feature-not-exist-in-font"
* 
* OpenType feature 'Contextuals=Swash,Alternate' (+cswh) not available for
* font 'Arno Pro/B' with script 'Latin' and language 'Default'.
*************************************************
*************************************************
* fontspec warning: "icu-feature-not-exist-in-font"
* 
* OpenType feature 'Contextuals=Swash,Alternate' (+cswh) not available for
* font 'Arno Pro/B' with script 'Latin' and language 'Default'.
*************************************************
*************************************************
* fontspec warning: "icu-feature-not-exist-in-font"
* 
* OpenType feature 'Contextuals=Swash,Alternate' (+cswh) not available for
* font 'Arno Pro/B' with script 'Latin' and language 'Default'.
*************************************************
*************************************************
* fontspec warning: "icu-feature-not-exist-in-font"
* 
* OpenType feature 'Contextuals=Swash,Alternate' (+cswh) not available for
* font 'Arno Pro/B' with script 'Latin' and language 'Default'.
*************************************************
Requested font "Arno Pro/ICU" at 10.0pt
 -> C:/Windows/Fonts/ArnoPro-SmText.otf
Requested font "Arno Pro/I/ICU" at 10.0pt
 -> C:/Windows/Fonts/ArnoPro-ItalicSmText.otf
Requested font "Arno Pro/I/ICU" at 10.0pt
 -> C:/Windows/Fonts/ArnoPro-ItalicSmText.otf
Requested font "Arno Pro/ICU" at 10.0pt
 -> C:/Windows/Fonts/ArnoPro-SmText.otf
Requested font "Arno Pro/BI/ICU" at 10.0pt
 -> C:/Windows/Fonts/ArnoPro-SmbdItalicSmText.otf
Requested font "Arno Pro/BI/ICU" at 10.0pt
 -> C:/Windows/Fonts/ArnoPro-SmbdItalicSmText.otf
.................................................
. fontspec info: "defining-font"
. 
. Font family 'ArnoPro(2)' created for font 'Arno Pro' with options
. [Mapping=tex-text,Mapping=tex-text, Ligatures={Common},
. SizeFeatures={{Size={-10}, Font=* Caption}, {Size={10-13.0}, Font=*},
. {Size={13.01-19.9}, Font=* Subhead, Contextuals={Swash,Alternate}},
. {Size={19.91-},Font=* Display, Contextuals={Swash,Alternate}}}].
. 
. This font family consists of the following shapes:
. 
. * 'normal' with NFSS spec.:
. <-10>"Arno Pro
. Caption/ICU:script=latn;language=DFLT;mapping=tex-text;mapping=tex-text;+liga
;"<10-13.0>"Arno
. Pro/ICU:script=latn;language=DFLT;mapping=tex-text;mapping=tex-text;+liga;"<1
3.01-19.9>"Arno
. Pro
. Subhead/ICU:script=latn;language=DFLT;mapping=tex-text;mapping=tex-text;+liga
;+calt;"<19.91->"Arno
. Pro
. Display/ICU:script=latn;language=DFLT;mapping=tex-text;mapping=tex-text;+liga
;+calt;"
. 
. * 'small caps' with NFSS spec.:
. <-10>"Arno Pro
. Caption/ICU:script=latn;language=DFLT;mapping=tex-text;mapping=tex-text;+liga
;+smcp;"<10-13.0>"Arno
. Pro/ICU:script=latn;language=DFLT;mapping=tex-text;mapping=tex-text;+liga;+sm
cp;"<13.01-19.9>"Arno
. Pro
. Subhead/ICU:script=latn;language=DFLT;mapping=tex-text;mapping=tex-text;+liga
;+smcp;+calt;"<19.91->"Arno
. Pro
. Display/ICU:script=latn;language=DFLT;mapping=tex-text;mapping=tex-text;+liga
;+smcp;+calt;"
. 
. * 'bold' with NFSS spec.:
. <-10>"Arno Pro/B
. Caption/ICU:script=latn;language=DFLT;mapping=tex-text;mapping=tex-text;+liga
;"<10-13.0>"Arno
. Pro/B/ICU:script=latn;language=DFLT;mapping=tex-text;mapping=tex-text;+liga;"
<13.01-19.9>"Arno
. Pro/B
. Subhead/ICU:script=latn;language=DFLT;mapping=tex-text;mapping=tex-text;+liga
;+calt;"<19.91->"Arno
. Pro/B
. Display/ICU:script=latn;language=DFLT;mapping=tex-text;mapping=tex-text;+liga
;+calt;"
. 
. * 'bold small caps' with NFSS spec.:
. <-10>"Arno Pro/B
. Caption/ICU:script=latn;language=DFLT;mapping=tex-text;mapping=tex-text;+liga
;+smcp;"<10-13.0>"Arno
. Pro/B/ICU:script=latn;language=DFLT;mapping=tex-text;mapping=tex-text;+liga;+
smcp;"<13.01-19.9>"Arno
. Pro/B
. Subhead/ICU:script=latn;language=DFLT;mapping=tex-text;mapping=tex-text;+liga
;+smcp;+calt;"<19.91->"Arno
. Pro/B
. Display/ICU:script=latn;language=DFLT;mapping=tex-text;mapping=tex-text;+liga
;+smcp;+calt;"
. 
. * 'italic' with NFSS spec.:
. <-10>"Arno Pro/I
. Caption/ICU:script=latn;language=DFLT;mapping=tex-text;mapping=tex-text;+liga
;"<10-13.0>"Arno
. Pro/I/ICU:script=latn;language=DFLT;mapping=tex-text;mapping=tex-text;+liga;"
<13.01-19.9>"Arno
. Pro/I
. Subhead/ICU:script=latn;language=DFLT;mapping=tex-text;mapping=tex-text;+liga
;+cswh;+calt;"<19.91->"Arno
. Pro/I
. Display/ICU:script=latn;language=DFLT;mapping=tex-text;mapping=tex-text;+liga
;+cswh;+calt;"
. 
. * 'italic small caps' with NFSS spec.:
. <-10>"Arno Pro/I
. Caption/ICU:script=latn;language=DFLT;mapping=tex-text;mapping=tex-text;+liga
;+smcp;"<10-13.0>"Arno
. Pro/I/ICU:script=latn;language=DFLT;mapping=tex-text;mapping=tex-text;+liga;+
smcp;"<13.01-19.9>"Arno
. Pro/I
. Subhead/ICU:script=latn;language=DFLT;mapping=tex-text;mapping=tex-text;+liga
;+smcp;+cswh;+calt;"<19.91->"Arno
. Pro/I
. Display/ICU:script=latn;language=DFLT;mapping=tex-text;mapping=tex-text;+liga
;+smcp;+cswh;+calt;"
. 
. * 'bold italic' with NFSS spec.:
. <-10>"Arno Pro/BI
. Caption/ICU:script=latn;language=DFLT;mapping=tex-text;mapping=tex-text;+liga
;"<10-13.0>"Arno
. Pro/BI/ICU:script=latn;language=DFLT;mapping=tex-text;mapping=tex-text;+liga;
"<13.01-19.9>"Arno
. Pro/BI
. Subhead/ICU:script=latn;language=DFLT;mapping=tex-text;mapping=tex-text;+liga
;+cswh;+calt;"<19.91->"Arno
. Pro/BI
. Display/ICU:script=latn;language=DFLT;mapping=tex-text;mapping=tex-text;+liga
;+cswh;+calt;"
. 
. * 'bold italic small caps' with NFSS spec.:
. <-10>"Arno Pro/BI
. Caption/ICU:script=latn;language=DFLT;mapping=tex-text;mapping=tex-text;+liga
;+smcp;"<10-13.0>"Arno
. Pro/BI/ICU:script=latn;language=DFLT;mapping=tex-text;mapping=tex-text;+liga;
+smcp;"<13.01-19.9>"Arno
. Pro/BI
. Subhead/ICU:script=latn;language=DFLT;mapping=tex-text;mapping=tex-text;+liga
;+smcp;+cswh;+calt;"<19.91->"Arno
. Pro/BI
. Display/ICU:script=latn;language=DFLT;mapping=tex-text;mapping=tex-text;+liga
;+smcp;+cswh;+calt;"
.................................................
Requested font "Arno Pro/ICU:script=latn;language=DFLT;mapping=tex-text;mapping
=tex-text;+liga;" at 10.0pt
 -> C:/Windows/Fonts/ArnoPro-SmText.otf
) ("C:\Program Files\MiKTeX 2.9\tex\latex\appendix\appendix.sty"
Package: appendix 2009/09/02 v1.2b extra appendix facilities
\c@@pps=\count168
\c@@ppsavesec=\count169
\c@@ppsaveapp=\count170
)
("C:\Program Files\MiKTeX 2.9\tex\latex\oberdiek\pdflscape.sty"
Package: pdflscape 2008/08/11 v0.10 Display of landscape pages in PDF (HO)

("C:\Program Files\MiKTeX 2.9\tex\latex\graphics\lscape.sty"
Package: lscape 2000/10/22 v3.01 Landscape Pages (DPC)
)
Package pdflscape Info: Auto-detected driver: dvipdfm (xetex) on input line 98.

)
("C:\Program Files\MiKTeX 2.9\tex\latex\multirow\multirow.sty"
\bigstrutjot=\dimen187
)
(T:\Personal\GitHub\finalReport\thesis.aux
(T:\Personal\GitHub\finalReport\chapters/introduction/introduction.aux)
(T:\Personal\GitHub\finalReport\chapters/systemDesign/systemDesign.aux)
(T:\Personal\GitHub\finalReport\chapters/implementation/implementation.aux)
(T:\Personal\GitHub\finalReport\appendices/appendixA.aux)
(T:\Personal\GitHub\finalReport\appendices/appendixC.aux))
LaTeX Font Info:    Checking defaults for OML/cmm/m/it on input line 9.
LaTeX Font Info:    ... okay on input line 9.
LaTeX Font Info:    Checking defaults for T1/cmr/m/n on input line 9.
LaTeX Font Info:    ... okay on input line 9.
LaTeX Font Info:    Checking defaults for OT1/cmr/m/n on input line 9.
LaTeX Font Info:    ... okay on input line 9.
LaTeX Font Info:    Checking defaults for OMS/cmsy/m/n on input line 9.
LaTeX Font Info:    ... okay on input line 9.
LaTeX Font Info:    Checking defaults for OMX/cmex/m/n on input line 9.
LaTeX Font Info:    ... okay on input line 9.
LaTeX Font Info:    Checking defaults for U/cmr/m/n on input line 9.
LaTeX Font Info:    ... okay on input line 9.
LaTeX Font Info:    Checking defaults for PD1/pdf/m/n on input line 9.
LaTeX Font Info:    ... okay on input line 9.
LaTeX Font Info:    Checking defaults for PU/pdf/m/n on input line 9.
LaTeX Font Info:    ... okay on input line 9.
LaTeX Font Info:    Checking defaults for EU1/lmr/m/n on input line 9.
LaTeX Font Info:    ... okay on input line 9.
LaTeX Font Info:    Checking defaults for T3/cmr/m/n on input line 9.
LaTeX Font Info:    Try loading font information for T3+cmr on input line 9.

("C:\Program Files\MiKTeX 2.9\tex\latex\tipa\t3cmr.fd"
File: t3cmr.fd 2001/12/31 TIPA font definitions
)
LaTeX Font Info:    ... okay on input line 9.
Requested font "Arno Pro/ICU:script=latn;language=DFLT;mapping=tex-text;mapping
=tex-text;+liga;" at 12.0pt
 -> C:/Windows/Fonts/ArnoPro-Regular.otf
\AtBeginShipoutBox=\box51
Package hyperref Info: Link coloring ON on input line 9.

("C:\Program Files\MiKTeX 2.9\tex\latex\hyperref\nameref.sty"
Package: nameref 2012/10/27 v2.43 Cross-referencing by name of section

("C:\Program Files\MiKTeX 2.9\tex\generic\oberdiek\gettitlestring.sty"
Package: gettitlestring 2010/12/03 v1.4 Cleanup title references (HO)
)
\c@section@level=\count171
)
LaTeX Info: Redefining \ref on input line 9.
LaTeX Info: Redefining \pageref on input line 9.
LaTeX Info: Redefining \nameref on input line 9.

(T:\Personal\GitHub\finalReport\thesis.out)
(T:\Personal\GitHub\finalReport\thesis.out)
\@outlinefile=\write3
Configuring pdfsync
\PDFSYNC@ut=\write4
\PDFSYNCf@li@=\count172
\PDFSYNC@rder=\count173
**** pdfsync.sty: Synchronizing at \everypar
\PDFSYNCeveryp@r=\toks33
**** pdfsync.sty: Synchronizing at \everymath
\PDFSYNCeverym@th=\toks34
**** pdfsync.sty: Synchronizing at \everyhbox
\PDFSYNCeveryhb@x=\toks35
**** pdfsync.sty: Synchronizing at \everyvbox
\PDFSYNCeveryvb@x=\toks36
**** pdfsync.sty: started

*geometry* detected driver: pdftex
*geometry* verbose mode - [ preamble ] result:
* driver: pdftex
* paper: a4paper
* layout: <same size as paper>
* layoutoffset:(h,v)=(0.0pt,0.0pt)
* modes: 
* h-part:(L,W,R)=(56.9055pt, 483.69687pt, 56.9055pt)
* v-part:(T,H,B)=(56.9055pt, 731.23584pt, 56.9055pt)
* \paperwidth=597.50787pt
* \paperheight=845.04684pt
* \textwidth=483.69687pt
* \textheight=731.23584pt
* \oddsidemargin=-15.36449pt
* \evensidemargin=-15.36449pt
* \topmargin=-47.23828pt
* \headheight=12.0pt
* \headsep=19.8738pt
* \topskip=12.0pt
* \footskip=30.0pt
* \marginparwidth=38.0pt
* \marginparsep=7.0pt
* \columnsep=10.0pt
* \skip\footins=10.8pt plus 4.0pt minus 2.0pt
* \hoffset=0.0pt
* \voffset=0.0pt
* \mag=1000
* \@twocolumnfalse
* \@twosidefalse
* \@mparswitchfalse
* \@reversemarginfalse
* (1in=72.27pt=25.4mm, 1cm=28.453pt)

Package caption Info: Begin \AtBeginDocument code.
Package caption Info: End \AtBeginDocument code.
Package caption Info: We need package `ragged2e' on input line 9.
("C:\Program Files\MiKTeX 2.9\tex\latex\ms\ragged2e.sty"
Package: ragged2e 2009/05/21 v2.1 ragged2e Package (MS)

("C:\Program Files\MiKTeX 2.9\tex\latex\ms\everysel.sty"
Package: everysel 2011/10/28 v1.2 EverySelectfont Package (MS)

ABD: EverySelectfont initializing macros
LaTeX Info: Redefining \selectfont on input line 126.
)
\CenteringLeftskip=\skip107
\RaggedLeftLeftskip=\skip108
\RaggedRightLeftskip=\skip109
\CenteringRightskip=\skip110
\RaggedLeftRightskip=\skip111
\RaggedRightRightskip=\skip112
\CenteringParfillskip=\skip113
\RaggedLeftParfillskip=\skip114
\RaggedRightParfillskip=\skip115
\JustifyingParfillskip=\skip116
\CenteringParindent=\skip117
\RaggedLeftParindent=\skip118
\RaggedRightParindent=\skip119
\JustifyingParindent=\skip120
)
(T:\Personal\GitHub\finalReport\frontmatter/coverpage.tex)
Requested font "Arno Pro Display/ICU:script=latn;language=DFLT;mapping=tex-text
;mapping=tex-text;+liga;+calt;" at 24.88pt
 -> C:/Windows/Fonts/ArnoPro-Display.otf
Requested font "Arno Pro/I Display/ICU:script=latn;language=DFLT;mapping=tex-te
xt;mapping=tex-text;+liga;+cswh;+calt;" at 24.88pt
 -> C:/Windows/Fonts/ArnoPro-ItalicDisplay.otf
Requested font "Arno Pro/ICU:script=latn;language=DFLT;mapping=tex-text;mapping
=tex-text;+liga;+smcp;" at 12.0pt
 -> C:/Windows/Fonts/ArnoPro-Regular.otf

("C:\Program Files\MiKTeX 2.9\tex\generic\oberdiek\se-ascii-print.def"
File: se-ascii-print.def 2011/12/02 v1.10 stringenc: Printable ASCII characters

)
[1

]
LaTeX Font Info:    Try loading font information for T1+ppl on input line 16.
 ("C:\Program Files\MiKTeX 2.9\tex\latex\psnfss\t1ppl.fd"
File: t1ppl.fd 2001/06/04 font definitions for T1/ppl.
)
Requested font "pplb8t" at 24.88pt
 -> pplb8t
Requested font "pplb8t" at 100.0pt
 -> pplb8t

(T:\Personal\GitHub\finalReport\thesis.toc
Requested font "Arno Pro/B/ICU:script=latn;language=DFLT;mapping=tex-text;mappi
ng=tex-text;+liga;" at 12.0pt
 -> C:/Windows/Fonts/ArnoPro-Smbd.otf
Requested font "cmr8" at 8.0pt
 -> cmr8
Requested font "cmr6" at 6.0pt
 -> cmr6
Requested font "cmmi12" at 12.0pt
 -> cmmi12
Requested font "cmmi8" at 8.0pt
 -> cmmi8
Requested font "cmmi6" at 6.0pt
 -> cmmi6
Requested font "cmsy10" at 12.0pt
 -> cmsy10
Requested font "cmsy8" at 8.0pt
 -> cmsy8
Requested font "cmsy6" at 6.0pt
 -> cmsy6
Requested font "cmex10" at 12.0pt
 -> cmex10
Requested font "cmex8" at 8.0pt
 -> cmex8
Requested font "cmex7" at 6.0pt
 -> cmex7
LaTeX Font Info:    Try loading font information for U+msa on input line 1.

("C:\Program Files\MiKTeX 2.9\tex\latex\amsfonts\umsa.fd"
File: umsa.fd 2013/01/14 v3.01 AMS symbols A
)
Requested font "msam10" at 12.0pt
 -> msam10
Requested font "msam10" at 8.0pt
 -> msam10
Requested font "msam7" at 6.0pt
 -> msam7
LaTeX Font Info:    Try loading font information for U+msb on input line 1.

("C:\Program Files\MiKTeX 2.9\tex\latex\amsfonts\umsb.fd"
File: umsb.fd 2013/01/14 v3.01 AMS symbols B
)
Requested font "msbm10" at 12.0pt
 -> msbm10
Requested font "msbm10" at 8.0pt
 -> msbm10
Requested font "msbm7" at 6.0pt
 -> msbm7
Requested font "Arno Pro/ICU:script=latn;language=DFLT;+onum;+pnum;" at 12.0pt
 -> C:/Windows/Fonts/ArnoPro-Regular.otf
Requested font "Arno Pro/ICU:script=latn;language=DFLT;+onum;+pnum;" at 8.0pt
 -> C:/Windows/Fonts/ArnoPro-Caption.otf
Requested font "Arno Pro/ICU:script=latn;language=DFLT;+onum;+pnum;" at 6.0pt
 -> C:/Windows/Fonts/ArnoPro-Caption.otf
Requested font "Arno Pro/I/ICU:script=latn;language=DFLT;+onum;+pnum;" at 12.0p
t
 -> C:/Windows/Fonts/ArnoPro-Italic.otf
Requested font "Arno Pro/I/ICU:script=latn;language=DFLT;+onum;+pnum;" at 8.0pt
 -> C:/Windows/Fonts/ArnoPro-ItalicCaption.otf
Requested font "Arno Pro/I/ICU:script=latn;language=DFLT;+onum;+pnum;" at 6.0pt
 -> C:/Windows/Fonts/ArnoPro-ItalicCaption.otf
Requested font "Arno Pro/ICU:script=latn;language=DFLT;" at 12.0pt
 -> C:/Windows/Fonts/ArnoPro-Regular.otf
Requested font "Arno Pro/ICU:script=latn;language=DFLT;" at 8.0pt
 -> C:/Windows/Fonts/ArnoPro-Caption.otf
Requested font "Arno Pro/ICU:script=latn;language=DFLT;" at 6.0pt
 -> C:/Windows/Fonts/ArnoPro-Caption.otf
 [2

]
Requested font "Arno Pro" at 12.0pt
 -> C:/Windows/Fonts/ArnoPro-Regular.otf
Requested font "Arno Pro/ICU" at 12.0pt
 -> C:/Windows/Fonts/ArnoPro-Regular.otf

*************************************************
* fontspec warning: "icu-feature-not-exist-in-font"
* 
* OpenType feature 'Contextuals=Swash,Alternate' (+cswh) not available for
* font 'Arno Pro' with script 'Latin' and language 'Default'.
*************************************************
*************************************************
* fontspec warning: "icu-feature-not-exist-in-font"
* 
* OpenType feature 'Contextuals=Swash,Alternate' (+cswh) not available for
* font 'Arno Pro' with script 'Latin' and language 'Default'.
*************************************************
*************************************************
* fontspec warning: "icu-feature-not-exist-in-font"
* 
* OpenType feature 'Contextuals=Swash,Alternate' (+cswh) not available for
* font 'Arno Pro' with script 'Latin' and language 'Default'.
*************************************************
*************************************************
* fontspec warning: "icu-feature-not-exist-in-font"
* 
* OpenType feature 'Contextuals=Swash,Alternate' (+cswh) not available for
* font 'Arno Pro' with script 'Latin' and language 'Default'.
*************************************************
Requested font "Arno Pro/B/ICU" at 12.0pt
 -> C:/Windows/Fonts/ArnoPro-Smbd.otf
Requested font "Arno Pro/B/ICU" at 12.0pt
 -> C:/Windows/Fonts/ArnoPro-Smbd.otf
*************************************************
* fontspec warning: "icu-feature-not-exist-in-font"
* 
* OpenType feature 'Contextuals=Swash,Alternate' (+cswh) not available for
* font 'Arno Pro/B' with script 'Latin' and language 'Default'.
*************************************************
*************************************************
* fontspec warning: "icu-feature-not-exist-in-font"
* 
* OpenType feature 'Contextuals=Swash,Alternate' (+cswh) not available for
* font 'Arno Pro/B' with script 'Latin' and language 'Default'.
*************************************************
*************************************************
* fontspec warning: "icu-feature-not-exist-in-font"
* 
* OpenType feature 'Contextuals=Swash,Alternate' (+cswh) not available for
* font 'Arno Pro/B' with script 'Latin' and language 'Default'.
*************************************************
*************************************************
* fontspec warning: "icu-feature-not-exist-in-font"
* 
* OpenType feature 'Contextuals=Swash,Alternate' (+cswh) not available for
* font 'Arno Pro/B' with script 'Latin' and language 'Default'.
*************************************************
Requested font "Arno Pro/I/ICU" at 12.0pt
 -> C:/Windows/Fonts/ArnoPro-Italic.otf
Requested font "Arno Pro/I/ICU" at 12.0pt
 -> C:/Windows/Fonts/ArnoPro-Italic.otf
Requested font "Arno Pro/BI/ICU" at 12.0pt
 -> C:/Windows/Fonts/ArnoPro-SmbdItalic.otf
Requested font "Arno Pro/BI/ICU" at 12.0pt
 -> C:/Windows/Fonts/ArnoPro-SmbdItalic.otf
.................................................
. fontspec info: "defining-font"
. 
. Font family 'ArnoPro(3)' created for font 'Arno Pro' with options
. [Mapping=tex-text,Mapping=tex-text, Ligatures={Common},
. SizeFeatures={{Size={-10}, Font=* Caption}, {Size={10-13.0}, Font=*},
. {Size={13.01-19.9}, Font=* Subhead, Contextuals={Swash,Alternate}},
. {Size={19.91-},Font=* Display,
. Contextuals={Swash,Alternate}}},VerticalPosition=Superior].
. 
. This font family consists of the following shapes:
. 
. * 'normal' with NFSS spec.:
. <-10>"Arno Pro
. Caption/ICU:script=latn;language=DFLT;mapping=tex-text;mapping=tex-text;+liga
;+sups;"<10-13.0>"Arno
. Pro/ICU:script=latn;language=DFLT;mapping=tex-text;mapping=tex-text;+liga;+su
ps;"<13.01-19.9>"Arno
. Pro
. Subhead/ICU:script=latn;language=DFLT;mapping=tex-text;mapping=tex-text;+liga
;+sups;+calt;"<19.91->"Arno
. Pro
. Display/ICU:script=latn;language=DFLT;mapping=tex-text;mapping=tex-text;+liga
;+sups;+calt;"
. 
. * 'small caps' with NFSS spec.:
. <-10>"Arno Pro
. Caption/ICU:script=latn;language=DFLT;mapping=tex-text;mapping=tex-text;+liga
;+sups;+smcp;"<10-13.0>"Arno
. Pro/ICU:script=latn;language=DFLT;mapping=tex-text;mapping=tex-text;+liga;+su
ps;+smcp;"<13.01-19.9>"Arno
. Pro
. Subhead/ICU:script=latn;language=DFLT;mapping=tex-text;mapping=tex-text;+liga
;+sups;+smcp;+calt;"<19.91->"Arno
. Pro
. Display/ICU:script=latn;language=DFLT;mapping=tex-text;mapping=tex-text;+liga
;+sups;+smcp;+calt;"
. 
. * 'bold' with NFSS spec.:
. <-10>"Arno Pro/B
. Caption/ICU:script=latn;language=DFLT;mapping=tex-text;mapping=tex-text;+liga
;+sups;"<10-13.0>"Arno
. Pro/B/ICU:script=latn;language=DFLT;mapping=tex-text;mapping=tex-text;+liga;+
sups;"<13.01-19.9>"Arno
. Pro/B
. Subhead/ICU:script=latn;language=DFLT;mapping=tex-text;mapping=tex-text;+liga
;+sups;+calt;"<19.91->"Arno
. Pro/B
. Display/ICU:script=latn;language=DFLT;mapping=tex-text;mapping=tex-text;+liga
;+sups;+calt;"
. 
. * 'bold small caps' with NFSS spec.:
. <-10>"Arno Pro/B
. Caption/ICU:script=latn;language=DFLT;mapping=tex-text;mapping=tex-text;+liga
;+sups;+smcp;"<10-13.0>"Arno
. Pro/B/ICU:script=latn;language=DFLT;mapping=tex-text;mapping=tex-text;+liga;+
sups;+smcp;"<13.01-19.9>"Arno
. Pro/B
. Subhead/ICU:script=latn;language=DFLT;mapping=tex-text;mapping=tex-text;+liga
;+sups;+smcp;+calt;"<19.91->"Arno
. Pro/B
. Display/ICU:script=latn;language=DFLT;mapping=tex-text;mapping=tex-text;+liga
;+sups;+smcp;+calt;"
. 
. * 'italic' with NFSS spec.:
. <-10>"Arno Pro/I
. Caption/ICU:script=latn;language=DFLT;mapping=tex-text;mapping=tex-text;+liga
;+sups;"<10-13.0>"Arno
. Pro/I/ICU:script=latn;language=DFLT;mapping=tex-text;mapping=tex-text;+liga;+
sups;"<13.01-19.9>"Arno
. Pro/I
. Subhead/ICU:script=latn;language=DFLT;mapping=tex-text;mapping=tex-text;+liga
;+sups;+cswh;+calt;"<19.91->"Arno
. Pro/I
. Display/ICU:script=latn;language=DFLT;mapping=tex-text;mapping=tex-text;+liga
;+sups;+cswh;+calt;"
. 
. * 'italic small caps' with NFSS spec.:
. <-10>"Arno Pro/I
. Caption/ICU:script=latn;language=DFLT;mapping=tex-text;mapping=tex-text;+liga
;+sups;+smcp;"<10-13.0>"Arno
. Pro/I/ICU:script=latn;language=DFLT;mapping=tex-text;mapping=tex-text;+liga;+
sups;+smcp;"<13.01-19.9>"Arno
. Pro/I
. Subhead/ICU:script=latn;language=DFLT;mapping=tex-text;mapping=tex-text;+liga
;+sups;+smcp;+cswh;+calt;"<19.91->"Arno
. Pro/I
. Display/ICU:script=latn;language=DFLT;mapping=tex-text;mapping=tex-text;+liga
;+sups;+smcp;+cswh;+calt;"
. 
. * 'bold italic' with NFSS spec.:
. <-10>"Arno Pro/BI
. Caption/ICU:script=latn;language=DFLT;mapping=tex-text;mapping=tex-text;+liga
;+sups;"<10-13.0>"Arno
. Pro/BI/ICU:script=latn;language=DFLT;mapping=tex-text;mapping=tex-text;+liga;
+sups;"<13.01-19.9>"Arno
. Pro/BI
. Subhead/ICU:script=latn;language=DFLT;mapping=tex-text;mapping=tex-text;+liga
;+sups;+cswh;+calt;"<19.91->"Arno
. Pro/BI
. Display/ICU:script=latn;language=DFLT;mapping=tex-text;mapping=tex-text;+liga
;+sups;+cswh;+calt;"
. 
. * 'bold italic small caps' with NFSS spec.:
. <-10>"Arno Pro/BI
. Caption/ICU:script=latn;language=DFLT;mapping=tex-text;mapping=tex-text;+liga
;+sups;+smcp;"<10-13.0>"Arno
. Pro/BI/ICU:script=latn;language=DFLT;mapping=tex-text;mapping=tex-text;+liga;
+sups;+smcp;"<13.01-19.9>"Arno
. Pro/BI
. Subhead/ICU:script=latn;language=DFLT;mapping=tex-text;mapping=tex-text;+liga
;+sups;+smcp;+cswh;+calt;"<19.91->"Arno
. Pro/BI
. Display/ICU:script=latn;language=DFLT;mapping=tex-text;mapping=tex-text;+liga
;+sups;+smcp;+cswh;+calt;"
.................................................
Requested font "Arno Pro/ICU:script=latn;language=DFLT;mapping=tex-text;mapping
=tex-text;+liga;+sups;" at 12.0pt
 -> C:/Windows/Fonts/ArnoPro-Regular.otf
)
\tf@toc=\write5
 [3] (T:\Personal\GitHub\finalReport\chapters/introduction/introduction.tex
Chapter 1.
Requested font "Arno Pro Display/ICU:script=latn;language=DFLT;mapping=tex-text
;mapping=tex-text;+liga;+calt;" at 20.74pt
 -> C:/Windows/Fonts/ArnoPro-Subhead.otf
Requested font "Arno Pro/B Display/ICU:script=latn;language=DFLT;mapping=tex-te
xt;mapping=tex-text;+liga;+calt;" at 20.74pt
 -> C:/Windows/Fonts/ArnoPro-SmbdSubhead.otf
Requested font "Arno Pro/B Display/ICU:script=latn;language=DFLT;mapping=tex-te
xt;mapping=tex-text;+liga;+smcp;+calt;" at 20.74pt
 -> C:/Windows/Fonts/ArnoPro-SmbdSubhead.otf
Requested font "Arno Pro Subhead/ICU:script=latn;language=DFLT;mapping=tex-text
;mapping=tex-text;+liga;+calt;" at 17.28pt
 -> C:/Windows/Fonts/ArnoPro-Subhead.otf
Requested font "Arno Pro/B Subhead/ICU:script=latn;language=DFLT;mapping=tex-te
xt;mapping=tex-text;+liga;+calt;" at 17.28pt
 -> C:/Windows/Fonts/ArnoPro-SmbdSubhead.otf
Requested font "Arno Pro/B Subhead/ICU:script=latn;language=DFLT;mapping=tex-te
xt;mapping=tex-text;+liga;+smcp;+calt;" at 17.28pt
 -> C:/Windows/Fonts/ArnoPro-SmbdSubhead.otf
[4


]
Overfull \hbox (20.01419pt too wide) in paragraph at lines 42--42
 [][][][]|[]\EU1/ArnoPro(2)/bx/sc/17.28 NHP Electrical Engineering Products Pty
 Ltd Requirements[][]| 
 []

[5]) [6] (T:\Personal\GitHub\finalReport\chapters/systemDesign/systemDesign.tex
Chapter 2.
(T:\Personal\GitHub\finalReport\chapters/systemDesign/overview.tex
File: figures/introduction/system.png Graphic file (type QTm)

<use  "figures/introduction/system.png" >
Requested font "[lmsans12-regular]:mapping=tex-text" at 12.0pt
 -> C:/Program Files/MiKTeX 2.9/fonts/opentype/public/lm/lmsans12-regular.otf
Requested font "[lmsans10-bold]:mapping=tex-text" at 12.0pt
 -> C:/Program Files/MiKTeX 2.9/fonts/opentype/public/lm/lmsans10-bold.otf
Requested font "[lmsans10-bold]:mapping=tex-text" at 10.95pt
 -> C:/Program Files/MiKTeX 2.9/fonts/opentype/public/lm/lmsans10-bold.otf
Requested font "[lmsans10-regular]:mapping=tex-text" at 10.95pt
 -> C:/Program Files/MiKTeX 2.9/fonts/opentype/public/lm/lmsans10-regular.otf
Requested font "Arno Pro Subhead/ICU:script=latn;language=DFLT;mapping=tex-text
;mapping=tex-text;+liga;+calt;" at 14.4pt
 -> C:/Windows/Fonts/ArnoPro-Subhead.otf
Requested font "Arno Pro/B Subhead/ICU:script=latn;language=DFLT;mapping=tex-te
xt;mapping=tex-text;+liga;+calt;" at 14.4pt
 -> C:/Windows/Fonts/ArnoPro-SmbdSubhead.otf
Requested font "Arno Pro/B Subhead/ICU:script=latn;language=DFLT;mapping=tex-te
xt;mapping=tex-text;+liga;+smcp;+calt;" at 14.4pt
 -> C:/Windows/Fonts/ArnoPro-SmbdSubhead.otf
.................................................
. fontspec info: "defining-font"
. 
. Font family 'ArnoPro(3)' created for font 'Arno Pro' with options
. [Mapping=tex-text,Mapping=tex-text, Ligatures={Common},
. SizeFeatures={{Size={-10}, Font=* Caption}, {Size={10-13.0}, Font=*},
. {Size={13.01-19.9}, Font=* Subhead, Contextuals={Swash,Alternate}},
. {Size={19.91-},Font=* Display,
. Contextuals={Swash,Alternate}}},VerticalPosition=Superior].
. 
. This font family consists of the following shapes:
.................................................
.................................................
. fontspec info: "defining-font"
. 
. Font family 'ArnoPro(3)' created for font 'Arno Pro' with options
. [Mapping=tex-text,Mapping=tex-text, Ligatures={Common},
. SizeFeatures={{Size={-10}, Font=* Caption}, {Size={10-13.0}, Font=*},
. {Size={13.01-19.9}, Font=* Subhead, Contextuals={Swash,Alternate}},
. {Size={19.91-},Font=* Display,
. Contextuals={Swash,Alternate}}},VerticalPosition=Superior].
. 
. This font family consists of the following shapes:
.................................................
 [7



] [8]
Requested font "Arno Pro Caption/ICU:script=latn;language=DFLT;mapping=tex-text
;mapping=tex-text;+liga;" at 8.0pt
 -> C:/Windows/Fonts/ArnoPro-Caption.otf
Requested font "Arno Pro/B Caption/ICU:script=latn;language=DFLT;mapping=tex-te
xt;mapping=tex-text;+liga;" at 8.0pt
 -> C:/Windows/Fonts/ArnoPro-SmbdCaption.otf
Requested font "Arno Pro Caption/ICU:script=latn;language=DFLT;mapping=tex-text
;mapping=tex-text;+liga;" at 6.0pt
 -> C:/Windows/Fonts/ArnoPro-Caption.otf
Requested font "Arno Pro/B Caption/ICU:script=latn;language=DFLT;mapping=tex-te
xt;mapping=tex-text;+liga;" at 6.0pt
 -> C:/Windows/Fonts/ArnoPro-SmbdCaption.otf
)
(T:\Personal\GitHub\finalReport\chapters/systemDesign/urbs/introductionToURBS.t
ex [9] [10]
File: figures/systemDesign/urbsDemo.png Graphic file (type QTm)
 <use  "figures/systemDesign/urbsDemo.png" >)
(T:\Personal\GitHub\finalReport\chapters/systemDesign/urbs/designRationale.tex
[11])
(T:\Personal\GitHub\finalReport\chapters/systemDesign/urbs/urbsAnalysis.tex
[12]
Requested font "Arno Pro/I/ICU:script=latn;language=DFLT;mapping=tex-text;mappi
ng=tex-text;+liga;" at 12.0pt
 -> C:/Windows/Fonts/ArnoPro-Italic.otf
Requested font "Arno Pro/I Caption/ICU:script=latn;language=DFLT;mapping=tex-te
xt;mapping=tex-text;+liga;" at 8.0pt
 -> C:/Windows/Fonts/ArnoPro-ItalicCaption.otf
Requested font "Arno Pro/I Caption/ICU:script=latn;language=DFLT;mapping=tex-te
xt;mapping=tex-text;+liga;" at 6.0pt
 -> C:/Windows/Fonts/ArnoPro-ItalicCaption.otf
 [13])
(T:\Personal\GitHub\finalReport\chapters/systemDesign/controlSystem/control.tex
[14]
File: figures/optimisation/steppermotor.png Graphic file (type QTm)
 <use  "figures/optimisation/steppermotor.png" >)
(T:\Personal\GitHub\finalReport\chapters/systemDesign/controlSystem/pathVelocit
yOptimisation.tex [15] [16] [17])
(T:\Personal\GitHub\finalReport\chapters/systemDesign/controlSystem/pontryagins
MaximumPrinciple.tex)
(T:\Personal\GitHub\finalReport\chapters/systemDesign/controlSystem/convexOptim
isationApproach.tex [18])
(T:\Personal\GitHub\finalReport\chapters/systemDesign/controlSystem/discretisat
ionOfPath.tex)
(T:\Personal\GitHub\finalReport\chapters/systemDesign/controlSystem/sedumi.tex
Requested font "Arno Pro Caption/ICU:script=latn;language=DFLT;mapping=tex-text
;mapping=tex-text;+liga;+sups;" at 8.0pt
 -> C:/Windows/Fonts/ArnoPro-Caption.otf
Requested font "Arno Pro Caption/ICU:script=latn;language=DFLT;mapping=tex-text
;mapping=tex-text;+liga;+sups;" at 6.0pt
 -> C:/Windows/Fonts/ArnoPro-Caption.otf
)
(T:\Personal\GitHub\finalReport\chapters/systemDesign/controlSystem/results.tex
[19]
File: figures/optimisation/exampleSpline.png Graphic file (type QTm)
 <use  "figures/optimisation/exampleSpline.png" >
.................................................
. fontspec info: "defining-font"
. 
. Font family 'ArnoPro(3)' created for font 'Arno Pro' with options
. [Mapping=tex-text,Mapping=tex-text, Ligatures={Common},
. SizeFeatures={{Size={-10}, Font=* Caption}, {Size={10-13.0}, Font=*},
. {Size={13.01-19.9}, Font=* Subhead, Contextuals={Swash,Alternate}},
. {Size={19.91-},Font=* Display,
. Contextuals={Swash,Alternate}}},VerticalPosition=Superior].
. 
. This font family consists of the following shapes:
.................................................
Requested font "Arno Pro/ICU:script=latn;language=DFLT;" at 10.0pt
 -> C:/Windows/Fonts/ArnoPro-SmText.otf
Requested font "Arno Pro/ICU:script=latn;language=DFLT;" at 10.0pt
 -> C:/Windows/Fonts/ArnoPro-SmText.otf
Requested font "Arno Pro" at 10.0pt
 -> C:/Windows/Fonts/ArnoPro-SmText.otf
Requested font "Arno Pro/ICU" at 10.0pt
 -> C:/Windows/Fonts/ArnoPro-SmText.otf
.................................................
. fontspec info: "defining-font"
. 
. Font family 'ArnoPro(3)' created for font 'Arno Pro' with options
. [Mapping=tex-text,Mapping=tex-text, Ligatures={Common},
. SizeFeatures={{Size={-10}, Font=* Caption}, {Size={10-13.0}, Font=*},
. {Size={13.01-19.9}, Font=* Subhead, Contextuals={Swash,Alternate}},
. {Size={19.91-},Font=* Display,
. Contextuals={Swash,Alternate}}},VerticalPosition=Superior].
. 
. This font family consists of the following shapes:
.................................................
Requested font "Arno Pro/ICU:script=latn;language=DFLT;mapping=tex-text;mapping
=tex-text;+liga;+sups;" at 10.0pt
 -> C:/Windows/Fonts/ArnoPro-SmText.otf
File: figures/optimisation/xy_s.png Graphic file (type QTm)

<use  "figures/optimisation/xy_s.png" >
File: figures/optimisation/xy_dds_ds.png Graphic file (type QTm)

<use  "figures/optimisation/xy_dds_ds.png" > [20] [21] [22] [23]
File: figures/optimisation/sdot_st.png Graphic file (type QTm)

<use  "figures/optimisation/sdot_st.png" > [24]
File: figures/optimisation/bangbang_xy_ddt_dt.png Graphic file (type QTm)

<use  "figures/optimisation/bangbang_xy_ddt_dt.png" >)) [25]
(T:\Personal\GitHub\finalReport\chapters/implementation/implementation.tex
Chapter 3.
(T:\Personal\GitHub\finalReport\chapters/implementation/overview.tex)
(T:\Personal\GitHub\finalReport\chapters/implementation/cncMachine/mechanical.t
ex)
(T:\Personal\GitHub\finalReport\chapters/implementation/cncMachine/electrical.t
ex [26



] [27] [28]
File: figures/cncMachine/wiring.png Graphic file (type QTm)
 <use  "figures/cncMachine/wiring.png" >

Package caption Warning: The option `hypcap=true' will be ignored for this
(caption)                particular \caption on input line 34.
See the caption package documentation for explanation.

[29

])
(T:\Personal\GitHub\finalReport\chapters/implementation/cncMachine/plc.tex
File: figures/cncMachine/PLC_architecture.png Graphic file (type QTm)

<use  "figures/cncMachine/PLC_architecture.png" > [30

]
Underfull \hbox (badness 2698) in paragraph at lines 54--54
[][][]\EU1/ArnoPro(2)/m/n/12 Index of where the command referred to by counterC
om-
 []


Underfull \hbox (badness 10000) in paragraph at lines 56--56
[][][]\EU1/ArnoPro(2)/m/n/12 Index of where the command referred to by counter-

 []


Package caption Warning: The option `hypcap=true' will be ignored for this
(caption)                particular \caption on input line 74.
See the caption package documentation for explanation.

[31] [32]
File: figures/cncMachine/governor.png Graphic file (type QTm)
 <use  "figures/cncMachine/governor.png" >

Package caption Warning: The option `hypcap=true' will be ignored for this
(caption)                particular \caption on input line 92.
See the caption package documentation for explanation.

File: figures/cncMachine/communications.png Graphic file (type QTm)
<use  "figures/cncMachine/communications.png" >

Package caption Warning: The option `hypcap=true' will be ignored for this
(caption)                particular \caption on input line 102.
See the caption package documentation for explanation.

[33]
File: figures/cncMachine/motorControl.png Graphic file (type QTm)
 <use  "figures/cncMachine/motorControl.png" > [34] [35]
File: figures/cncMachine/position_direction.png Graphic file (type QTm)

<use  "figures/cncMachine/position_direction.png" > [36])
LaTeX Font Info:    Font shape `EU1/ArnoPro(2)/m/sl' in size <10> not available

(Font)              Font shape `EU1/ArnoPro(2)/m/it' tried instead on input lin
e 10.
Requested font "Arno Pro/I/ICU:script=latn;language=DFLT;mapping=tex-text;mappi
ng=tex-text;+liga;" at 10.0pt
 -> C:/Windows/Fonts/ArnoPro-ItalicSmText.otf

(T:\Personal\GitHub\finalReport\chapters/implementation/userInterface/introduct
ion.tex)
(T:\Personal\GitHub\finalReport\chapters/implementation/userInterface/javaProgr
am.tex
.................................................
. fontspec info: "defining-font"
. 
. Font family 'ArnoPro(3)' created for font 'Arno Pro' with options
. [Mapping=tex-text,Mapping=tex-text, Ligatures={Common},
. SizeFeatures={{Size={-10}, Font=* Caption}, {Size={10-13.0}, Font=*},
. {Size={13.01-19.9}, Font=* Subhead, Contextuals={Swash,Alternate}},
. {Size={19.91-},Font=* Display,
. Contextuals={Swash,Alternate}}},VerticalPosition=Superior].
. 
. This font family consists of the following shapes:
.................................................
.................................................
. fontspec info: "defining-font"
. 
. Font family 'ArnoPro(3)' created for font 'Arno Pro' with options
. [Mapping=tex-text,Mapping=tex-text, Ligatures={Common},
. SizeFeatures={{Size={-10}, Font=* Caption}, {Size={10-13.0}, Font=*},
. {Size={13.01-19.9}, Font=* Subhead, Contextuals={Swash,Alternate}},
. {Size={19.91-},Font=* Display,
. Contextuals={Swash,Alternate}}},VerticalPosition=Superior].
. 
. This font family consists of the following shapes:
.................................................
)
(T:\Personal\GitHub\finalReport\chapters/implementation/userInterface/matlabIma
geProcessing.tex
Requested font "Arno Pro/ICU:script=latn;language=DFLT;" at 20.74pt
 -> C:/Windows/Fonts/ArnoPro-Subhead.otf
Requested font "Arno Pro/ICU:script=latn;language=DFLT;" at 20.74pt
 -> C:/Windows/Fonts/ArnoPro-Subhead.otf
Requested font "Arno Pro" at 20.74pt
 -> C:/Windows/Fonts/ArnoPro-Subhead.otf
Requested font "Arno Pro/ICU" at 20.74pt
 -> C:/Windows/Fonts/ArnoPro-Subhead.otf
.................................................
. fontspec info: "defining-font"
. 
. Font family 'ArnoPro(3)' created for font 'Arno Pro' with options
. [Mapping=tex-text,Mapping=tex-text, Ligatures={Common},
. SizeFeatures={{Size={-10}, Font=* Caption}, {Size={10-13.0}, Font=*},
. {Size={13.01-19.9}, Font=* Subhead, Contextuals={Swash,Alternate}},
. {Size={19.91-},Font=* Display,
. Contextuals={Swash,Alternate}}},VerticalPosition=Superior].
. 
. This font family consists of the following shapes:
.................................................
Requested font "Arno Pro/B Display/ICU:script=latn;language=DFLT;mapping=tex-te
xt;mapping=tex-text;+liga;+sups;+smcp;+calt;" at 20.74pt
 -> C:/Windows/Fonts/ArnoPro-SmbdSubhead.otf


Package hyperref Warning: Token not allowed in a PDF string (Unicode):
(hyperref)                removing `\textsuperscript' on input line 1.

)) [37]
Chapter 4.
[38


]
Requested font "Arno Pro/B Display/ICU:script=latn;language=DFLT;mapping=tex-te
xt;mapping=tex-text;+liga;+calt;" at 24.88pt
 -> C:/Windows/Fonts/ArnoPro-SmbdDisplay.otf
 [39


] (T:\Personal\GitHub\finalReport\appendices/appendixA.tex
Appendix A.
[40


]) [41] (T:\Personal\GitHub\finalReport\appendices/appendixC.tex
Appendix B.

Package hyperref Warning: Token not allowed in a PDF string (Unicode):
(hyperref)                removing `math shift' on input line 1.


Package hyperref Warning: Token not allowed in a PDF string (Unicode):
(hyperref)                removing `superscript' on input line 1.


Package hyperref Warning: Token not allowed in a PDF string (Unicode):
(hyperref)                removing `math shift' on input line 1.


Package hyperref Warning: Token not allowed in a PDF string (Unicode):
(hyperref)                removing `math shift' on input line 1.


Package hyperref Warning: Token not allowed in a PDF string (Unicode):
(hyperref)                removing `superscript' on input line 1.


Package hyperref Warning: Token not allowed in a PDF string (Unicode):
(hyperref)                removing `math shift' on input line 1.

Requested font "cmr17" at 24.88pt
 -> cmr17
Requested font "cmr17" at 20.74pt
 -> cmr17
Requested font "cmr17" at 17.28pt
 -> cmr17
Requested font "cmmi12" at 24.88pt
 -> cmmi12
Requested font "cmmi12" at 20.74pt
 -> cmmi12
Requested font "cmmi12" at 17.28pt
 -> cmmi12
Requested font "cmsy10" at 24.88pt
 -> cmsy10
Requested font "cmsy10" at 20.74pt
 -> cmsy10
Requested font "cmsy10" at 17.28pt
 -> cmsy10
Requested font "cmex10" at 24.88pt
 -> cmex10
Requested font "cmex10" at 20.74pt
 -> cmex10
Requested font "cmex10" at 17.28pt
 -> cmex10
Requested font "msam10" at 24.88pt
 -> msam10
Requested font "msam10" at 20.74pt
 -> msam10
Requested font "msam10" at 17.28pt
 -> msam10
Requested font "msbm10" at 24.88pt
 -> msbm10
Requested font "msbm10" at 20.74pt
 -> msbm10
Requested font "msbm10" at 17.28pt
 -> msbm10
Requested font "Arno Pro/ICU:script=latn;language=DFLT;+onum;+pnum;" at 24.88pt
 -> C:/Windows/Fonts/ArnoPro-Display.otf
Requested font "Arno Pro/ICU:script=latn;language=DFLT;+onum;+pnum;" at 20.74pt
 -> C:/Windows/Fonts/ArnoPro-Subhead.otf
Requested font "Arno Pro/ICU:script=latn;language=DFLT;+onum;+pnum;" at 17.28pt
 -> C:/Windows/Fonts/ArnoPro-Subhead.otf
Requested font "Arno Pro/I/ICU:script=latn;language=DFLT;+onum;+pnum;" at 24.88
pt
 -> C:/Windows/Fonts/ArnoPro-ItalicDisplay.otf
Requested font "Arno Pro/I/ICU:script=latn;language=DFLT;+onum;+pnum;" at 20.74
pt
 -> C:/Windows/Fonts/ArnoPro-ItalicSubhead.otf
Requested font "Arno Pro/I/ICU:script=latn;language=DFLT;+onum;+pnum;" at 17.28
pt
 -> C:/Windows/Fonts/ArnoPro-ItalicSubhead.otf
Requested font "Arno Pro/ICU:script=latn;language=DFLT;" at 24.88pt
 -> C:/Windows/Fonts/ArnoPro-Display.otf
Requested font "Arno Pro/ICU:script=latn;language=DFLT;" at 20.74pt
 -> C:/Windows/Fonts/ArnoPro-Subhead.otf
Requested font "Arno Pro/ICU:script=latn;language=DFLT;" at 17.28pt
 -> C:/Windows/Fonts/ArnoPro-Subhead.otf
) [42



] (T:\Personal\GitHub\finalReport\thesis.bbl
LaTeX Font Info:    Try loading font information for EU1+lmtt on input line 11.


("C:\Program Files\MiKTeX 2.9\tex\latex\euenc\eu1lmtt.fd"
File: eu1lmtt.fd 2009/10/30 v1.6 Font defs for Latin Modern
)
Requested font "[lmmono12-regular]" at 12.0pt
 -> C:/Program Files/MiKTeX 2.9/fonts/opentype/public/lm/lmmono12-regular.otf
)
Package atveryend Info: Empty hook `BeforeClearDocument' on input line 46.
 [43



]
Package atveryend Info: Empty hook `AfterLastShipout' on input line 46.

(T:\Personal\GitHub\finalReport\thesis.aux
(T:\Personal\GitHub\finalReport\chapters/introduction/introduction.aux)
(T:\Personal\GitHub\finalReport\chapters/systemDesign/systemDesign.aux)
(T:\Personal\GitHub\finalReport\chapters/implementation/implementation.aux)
(T:\Personal\GitHub\finalReport\appendices/appendixA.aux)
(T:\Personal\GitHub\finalReport\appendices/appendixC.aux))
Package atveryend Info: Empty hook `AtVeryEndDocument' on input line 46.
Package atveryend Info: Empty hook `AtEndAfterFileList' on input line 46.
Package atveryend Info: Empty hook `AtVeryVeryEnd' on input line 46.
 ) 
Here is how much of TeX's memory you used:
 25291 strings out of 429035
 449010 string characters out of 3167909
 539845 words of memory out of 3000000
 28052 multiletter control sequences out of 15000+200000
 15531 words of font info for 124 fonts, out of 3000000 for 9000
 912 hyphenation exceptions out of 8191
 50i,24n,83p,1532b,577s stack positions out of 5000i,500n,10000p,200000b,50000s

Output written on thesis.pdf (43 pages).
